<?xml version="1.0" encoding="utf-8"?>
<TestRun id="3ecb0933-7339-4b85-83ab-89d90d744471" name="@cachyos 2026-06-08 03:40:39" xmlns="http://microsoft.com/schemas/VisualStudio/TeamTest/2010">
  <Times creation="2026-06-08T03:40:39.2910092+08:00" queuing="2026-06-08T03:40:39.2910092+08:00" start="2026-06-08T03:40:23.9580668+08:00" finish="2026-06-08T03:55:02.9734317+08:00" />
  <TestSettings name="default" id="23a93f73-bb36-4faf-9003-ca94824db502">
    <Deployment runDeploymentRoot="_cachyos_2026-06-08_03_40_39" />
  </TestSettings>
  <Results>
    <UnitTestResult executionId="09bc0b68-f238-4ac8-b1ea-66739fe985a2" testId="52d94150-5005-3370-45f2-655f0c72efab" testName="EmperorPenguin.Tests.EndToEndInterfaceTest.InterfaceImpl" computerName="cachyos" duration="00:00:00.0000909" startTime="2026-06-08T03:46:35.4987912+08:00" endTime="2026-06-08T03:46:35.4988629+08:00" testType="13cdc9d9-ddb5-4fa4-a97d-d965ccfc6d4b" outcome="Passed" testListId="8c84fa94-04c1-424b-9868-57a2d4851a1d" relativeResultsDirectory="09bc0b68-f238-4ac8-b1ea-66739fe985a2" />
    <UnitTestResult executionId="1e8eaf1c-8391-45a5-a34c-6e811258fd94" testId="7fb1d496-8d6e-772a-68ee-99d9a50b28a9" testName="EmperorPenguin.Tests.ASTBuildTextTest.AST_IdentifierWithGeneric_BuildText" computerName="cachyos" duration="00:00:00.0000448" startTime="2026-06-08T03:40:43.5512268+08:00" endTime="2026-06-08T03:40:43.5512703+08:00" testType="13cdc9d9-ddb5-4fa4-a97d-d965ccfc6d4b" outcome="Passed" testListId="8c84fa94-04c1-424b-9868-57a2d4851a1d" relativeResultsDirectory="1e8eaf1c-8391-45a5-a34c-6e811258fd94" />
    <UnitTestResult executionId="036eadd3-8fd1-4c18-bcc4-a4782d055cc7" testId="f8ed9fd0-1489-9cba-70a2-3cc590b62f27" testName="EmperorPenguin.Tests.BoundTreeExpressionTest.IfStatementTest" computerName="cachyos" duration="00:00:00.0193465" startTime="2026-06-08T03:44:35.5705423+08:00" endTime="2026-06-08T03:44:35.6418448+08:00" testType="13cdc9d9-ddb5-4fa4-a97d-d965ccfc6d4b" outcome="Failed" testListId="8c84fa94-04c1-424b-9868-57a2d4851a1d" relativeResultsDirectory="036eadd3-8fd1-4c18-bcc4-a4782d055cc7">
      <Output>
        <ErrorInfo>
          <Message>Assert.Equal() Failure: Strings differ
           ↓ (pos 0)
Expected: "cond_type=bool\ncond_val=true"
Actual:   ""</Message>
          <StackTrace>   at EmperorPenguin.Tests.BatchResults.Assert(String name) in /home/cauly/Workspace/penguinlang/EmperorPenguin.Tests/BatchCompiler.cs:line 52
   at EmperorPenguin.Tests.BoundTreeExpressionTest.IfStatementTest() in /home/cauly/Workspace/penguinlang/EmperorPenguin.Tests/BoundTreeExpressionTest.cs:line 359
   at System.RuntimeMethodHandle.InvokeMethod(ObjectHandleOnStack target, Void** arguments, ObjectHandleOnStack sig, BOOL isConstructor, ObjectHandleOnStack result)
   at System.RuntimeMethodHandle.InvokeMethod(ObjectHandleOnStack target, Void** arguments, ObjectHandleOnStack sig, BOOL isConstructor, ObjectHandleOnStack result)
   at System.Reflection.MethodBaseInvoker.InterpretedInvoke_Method(Object obj, IntPtr* args)
   at System.Reflection.RuntimeMethodInfo.Invoke(Object obj, BindingFlags invokeAttr, Binder binder, Object[] parameters, CultureInfo culture)</StackTrace>
        </ErrorInfo>
      </Output>
    </UnitTestResult>
    <UnitTestResult executionId="3a370994-3242-40a1-a177-9a6299229220" testId="7a781230-ecc1-99ab-4932-d1576032742f" testName="EmperorPenguin.Tests.EndToEndBasicTest.StringMultiConcat" computerName="cachyos" duration="00:00:00.0000338" startTime="2026-06-08T03:55:02.7750412+08:00" endTime="2026-06-08T03:55:02.7750831+08:00" testType="13cdc9d9-ddb5-4fa4-a97d-d965ccfc6d4b" outcome="Passed" testListId="8c84fa94-04c1-424b-9868-57a2d4851a1d" relativeResultsDirectory="3a370994-3242-40a1-a177-9a6299229220" />
    <UnitTestResult executionId="f8725e91-dc24-4621-b49d-9f8a2e2410e3" testId="0e0daf9b-167f-338f-927c-e4721cad93cc" testName="EmperorPenguin.Tests.ASTRoundTripParseTest.ParseRoundTrip_UnaryNegate" computerName="cachyos" duration="00:00:00.0000188" startTime="2026-06-08T03:44:52.6053921+08:00" endTime="2026-06-08T03:44:52.6054055+08:00" testType="13cdc9d9-ddb5-4fa4-a97d-d965ccfc6d4b" outcome="Passed" testListId="8c84fa94-04c1-424b-9868-57a2d4851a1d" relativeResultsDirectory="f8725e91-dc24-4621-b49d-9f8a2e2410e3" />
    <UnitTestResult executionId="5490704c-d1a6-49a9-b5c4-8e65288371c0" testId="94f0f9a5-63a8-f4a5-c2ef-209ac9237b1b" testName="EmperorPenguin.Tests.ASTRoundTripParseTest.ParseRoundTrip_ImplWithWhere" computerName="cachyos" duration="00:00:00.0000339" startTime="2026-06-08T03:44:52.6057816+08:00" endTime="2026-06-08T03:44:52.6057956+08:00" testType="13cdc9d9-ddb5-4fa4-a97d-d965ccfc6d4b" outcome="Passed" testListId="8c84fa94-04c1-424b-9868-57a2d4851a1d" relativeResultsDirectory="5490704c-d1a6-49a9-b5c4-8e65288371c0" />
    <UnitTestResult executionId="0931b9e9-4859-4ad7-aec9-78611dc7f3d3" testId="d4a542b1-eca1-f90e-6dca-3ccc9b0eaed9" testName="EmperorPenguin.Tests.BoundScopeTest.ResolveQualifiedTest" computerName="cachyos" duration="00:00:00.0002049" startTime="2026-06-08T03:43:23.4782945+08:00" endTime="2026-06-08T03:43:23.4783171+08:00" testType="13cdc9d9-ddb5-4fa4-a97d-d965ccfc6d4b" outcome="Passed" testListId="8c84fa94-04c1-424b-9868-57a2d4851a1d" relativeResultsDirectory="0931b9e9-4859-4ad7-aec9-78611dc7f3d3" />
    <UnitTestResult executionId="3a88c3b1-f34c-4ed3-ac6a-cc867d812f92" testId="a7947fee-180e-7bd6-99ba-889fb337d18c" testName="EmperorPenguin.Tests.ASTRoundTripParseTest.ParseDef_OnRoutineWithParam" computerName="cachyos" duration="00:00:00.0000171" startTime="2026-06-08T03:44:42.3496384+08:00" endTime="2026-06-08T03:44:42.3496648+08:00" testType="13cdc9d9-ddb5-4fa4-a97d-d965ccfc6d4b" outcome="Passed" testListId="8c84fa94-04c1-424b-9868-57a2d4851a1d" relativeResultsDirectory="3a88c3b1-f34c-4ed3-ac6a-cc867d812f92" />
    <UnitTestResult executionId="ddc3175e-60f2-42a2-8145-1d74d874ad37" testId="86ee626e-212f-cbcf-36d2-b978369a92b1" testName="EmperorPenguin.Tests.EndToEndClassTest.ClassToString" computerName="cachyos" duration="00:00:00.0000436" startTime="2026-06-08T03:52:52.2054124+08:00" endTime="2026-06-08T03:52:52.2054854+08:00" testType="13cdc9d9-ddb5-4fa4-a97d-d965ccfc6d4b" outcome="Passed" testListId="8c84fa94-04c1-424b-9868-57a2d4851a1d" relativeResultsDirectory="ddc3175e-60f2-42a2-8145-1d74d874ad37" />
    <UnitTestResult executionId="1bd3e159-121b-4d56-bd17-eddec55d277d" testId="81c34e4c-a3d9-0c26-ab15-ceb238662aa1" testName="EmperorPenguin.Tests.ASTRoundTripParseTest.ParseRoundTrip_IfWithElse" computerName="cachyos" duration="00:00:00.0000237" startTime="2026-06-08T03:44:52.6042099+08:00" endTime="2026-06-08T03:44:52.6042257+08:00" testType="13cdc9d9-ddb5-4fa4-a97d-d965ccfc6d4b" outcome="Passed" testListId="8c84fa94-04c1-424b-9868-57a2d4851a1d" relativeResultsDirectory="1bd3e159-121b-4d56-bd17-eddec55d277d" />
    <UnitTestResult executionId="a2290a3f-5dce-4134-99f3-f41a1ee829e2" testId="d0e6b630-4e0a-6c8b-e244-2b99f900aed5" testName="EmperorPenguin.Tests.EndToEndClassTest.ClassMultipleMethods" computerName="cachyos" duration="00:00:00.0000660" startTime="2026-06-08T03:52:52.2060923+08:00" endTime="2026-06-08T03:52:52.2061413+08:00" testType="13cdc9d9-ddb5-4fa4-a97d-d965ccfc6d4b" outcome="Passed" testListId="8c84fa94-04c1-424b-9868-57a2d4851a1d" relativeResultsDirectory="a2290a3f-5dce-4134-99f3-f41a1ee829e2" />
    <UnitTestResult executionId="dbce5c61-23c8-4293-af23-b6d430fc4d19" testId="118c01be-0bb8-cc64-e4cf-94b0285bdef9" testName="EmperorPenguin.Tests.ASTBuildTextTest.AST_WhereClauseAndDefinition_BuildText" computerName="cachyos" duration="00:00:04.2868081" startTime="2026-06-08T03:40:39.2759405+08:00" endTime="2026-06-08T03:40:43.5440021+08:00" testType="13cdc9d9-ddb5-4fa4-a97d-d965ccfc6d4b" outcome="Passed" testListId="8c84fa94-04c1-424b-9868-57a2d4851a1d" relativeResultsDirectory="dbce5c61-23c8-4293-af23-b6d430fc4d19" />
    <UnitTestResult executionId="db8037a1-c8fb-47ea-a7eb-69856ae00b8c" testId="b4d23529-e4cd-a742-9cfc-b9c89ce99ae0" testName="EmperorPenguin.Tests.ASTBuildTextTest.AST_WhileExpression_BuildText" computerName="cachyos" duration="00:00:00.0000227" startTime="2026-06-08T03:40:43.5497048+08:00" endTime="2026-06-08T03:40:43.5497519+08:00" testType="13cdc9d9-ddb5-4fa4-a97d-d965ccfc6d4b" outcome="Passed" testListId="8c84fa94-04c1-424b-9868-57a2d4851a1d" relativeResultsDirectory="db8037a1-c8fb-47ea-a7eb-69856ae00b8c" />
    <UnitTestResult executionId="e39b6cc6-b3d9-4bd8-b16e-2c108c3a3a0b" testId="ba9e263b-2d5e-373d-f538-32793c8cb606" testName="EmperorPenguin.Tests.BoundScopeTest.NamespaceMergeTest" computerName="cachyos" duration="00:00:00.0000352" startTime="2026-06-08T03:43:23.4784166+08:00" endTime="2026-06-08T03:43:23.4784329+08:00" testType="13cdc9d9-ddb5-4fa4-a97d-d965ccfc6d4b" outcome="Passed" testListId="8c84fa94-04c1-424b-9868-57a2d4851a1d" relativeResultsDirectory="e39b6cc6-b3d9-4bd8-b16e-2c108c3a3a0b" />
    <UnitTestResult executionId="dff6e634-679d-4d50-bcbf-48de81c5cc83" testId="dc29a656-39bb-5a45-9a31-cc8fc8aa625b" testName="EmperorPenguin.Tests.BoundTreeExpressionTest.CastExpressionTest" computerName="cachyos" duration="00:00:00.0000323" startTime="2026-06-08T03:44:35.5704979+08:00" endTime="2026-06-08T03:44:35.5705113+08:00" testType="13cdc9d9-ddb5-4fa4-a97d-d965ccfc6d4b" outcome="Passed" testListId="8c84fa94-04c1-424b-9868-57a2d4851a1d" relativeResultsDirectory="dff6e634-679d-4d50-bcbf-48de81c5cc83" />
    <UnitTestResult executionId="59159990-63ef-41d6-8c09-41640fbcb5d9" testId="982f0410-a40e-2e22-35a8-de4cd55ae691" testName="EmperorPenguin.Tests.BoundTreeExpressionTest.ChainedBinaryExpressionTest" computerName="cachyos" duration="00:00:00.0000643" startTime="2026-06-08T03:44:35.6739979+08:00" endTime="2026-06-08T03:44:35.6740263+08:00" testType="13cdc9d9-ddb5-4fa4-a97d-d965ccfc6d4b" outcome="Passed" testListId="8c84fa94-04c1-424b-9868-57a2d4851a1d" relativeResultsDirectory="59159990-63ef-41d6-8c09-41640fbcb5d9" />
    <UnitTestResult executionId="490d482b-239d-4755-999f-a7a9cf915833" testId="1e59ee99-d1ae-34b9-5e64-1062483887d7" testName="EmperorPenguin.Tests.IRBasicTest.TestLiteralReturn" computerName="cachyos" duration="00:00:00.0000273" startTime="2026-06-08T03:41:15.5566363+08:00" endTime="2026-06-08T03:41:15.5566581+08:00" testType="13cdc9d9-ddb5-4fa4-a97d-d965ccfc6d4b" outcome="Passed" testListId="8c84fa94-04c1-424b-9868-57a2d4851a1d" relativeResultsDirectory="490d482b-239d-4755-999f-a7a9cf915833" />
    <UnitTestResult executionId="ce3f386d-0c62-4cbc-a61f-1ba908e460ba" testId="e4dac5f4-3dda-8268-f0c1-eb09fc1cf891" testName="EmperorPenguin.Tests.BoundTreeExpressionTest.WhileStatementTest" computerName="cachyos" duration="00:00:00.0011666" startTime="2026-06-08T03:44:35.6742776+08:00" endTime="2026-06-08T03:44:35.6743071+08:00" testType="13cdc9d9-ddb5-4fa4-a97d-d965ccfc6d4b" outcome="Passed" testListId="8c84fa94-04c1-424b-9868-57a2d4851a1d" relativeResultsDirectory="ce3f386d-0c62-4cbc-a61f-1ba908e460ba" />
    <UnitTestResult executionId="7f7d4205-8aaf-4016-9ebd-cc227a44e355" testId="35a1d96b-4c6d-58db-534a-fa83db77178d" testName="EmperorPenguin.Tests.EndToEndBasicTest.MultipleVariables" computerName="cachyos" duration="00:00:00.0000220" startTime="2026-06-08T03:55:02.7746900+08:00" endTime="2026-06-08T03:55:02.7747657+08:00" testType="13cdc9d9-ddb5-4fa4-a97d-d965ccfc6d4b" outcome="Passed" testListId="8c84fa94-04c1-424b-9868-57a2d4851a1d" relativeResultsDirectory="7f7d4205-8aaf-4016-9ebd-cc227a44e355" />
    <UnitTestResult executionId="bb9afbc8-fe2c-4c1a-b958-6c0773361a01" testId="e5016578-db76-b5e0-2a84-142a1b310835" testName="EmperorPenguin.Tests.LLVMTest.TestLLVMNestedCalls" computerName="cachyos" duration="00:00:00.0001552" startTime="2026-06-08T03:44:21.9218273+08:00" endTime="2026-06-08T03:44:21.9219639+08:00" testType="13cdc9d9-ddb5-4fa4-a97d-d965ccfc6d4b" outcome="Passed" testListId="8c84fa94-04c1-424b-9868-57a2d4851a1d" relativeResultsDirectory="bb9afbc8-fe2c-4c1a-b958-6c0773361a01" />
    <UnitTestResult executionId="6756b067-b44f-4634-93e8-ba64a3dbe1de" testId="a19ed0c3-7e6a-f41b-3b05-f0e526076d7c" testName="EmperorPenguin.Tests.BoundTreeExpressionTest.StringLiteralTypeTest" computerName="cachyos" duration="00:00:00.0000343" startTime="2026-06-08T03:44:35.6744626+08:00" endTime="2026-06-08T03:44:35.6744902+08:00" testType="13cdc9d9-ddb5-4fa4-a97d-d965ccfc6d4b" outcome="Passed" testListId="8c84fa94-04c1-424b-9868-57a2d4851a1d" relativeResultsDirectory="6756b067-b44f-4634-93e8-ba64a3dbe1de" />
    <UnitTestResult executionId="82848c4d-83a9-4382-a8cb-da280dc03099" testId="5f06ce5d-441c-a643-0d12-8f912c5ca69c" testName="EmperorPenguin.Tests.BoundTreeExpressionTest.FunctionCallExpressionTest" computerName="cachyos" duration="00:00:00.0000551" startTime="2026-06-08T03:44:35.5704511+08:00" endTime="2026-06-08T03:44:35.5704667+08:00" testType="13cdc9d9-ddb5-4fa4-a97d-d965ccfc6d4b" outcome="Passed" testListId="8c84fa94-04c1-424b-9868-57a2d4851a1d" relativeResultsDirectory="82848c4d-83a9-4382-a8cb-da280dc03099" />
    <UnitTestResult executionId="815d8ed2-2b11-4e13-95ec-8df54f260385" testId="61f23c38-628d-9d43-2d19-d455a4143204" testName="EmperorPenguin.Tests.ASTBuildTextTest.AST_EmitEventStatement_BuildText" computerName="cachyos" duration="00:00:00.0000199" startTime="2026-06-08T03:40:43.5532722+08:00" endTime="2026-06-08T03:40:43.5533112+08:00" testType="13cdc9d9-ddb5-4fa4-a97d-d965ccfc6d4b" outcome="Passed" testListId="8c84fa94-04c1-424b-9868-57a2d4851a1d" relativeResultsDirectory="815d8ed2-2b11-4e13-95ec-8df54f260385" />
    <UnitTestResult executionId="28b7a705-38fe-4e71-bb87-e34f77fd33de" testId="f45639d3-e9e0-3f58-5328-4764f7739bf2" testName="EmperorPenguin.Tests.ASTRoundTripParseTest.ParseExpr_AsyncExpression" computerName="cachyos" duration="00:00:00.0000174" startTime="2026-06-08T03:44:42.3492105+08:00" endTime="2026-06-08T03:44:42.3492376+08:00" testType="13cdc9d9-ddb5-4fa4-a97d-d965ccfc6d4b" outcome="Passed" testListId="8c84fa94-04c1-424b-9868-57a2d4851a1d" relativeResultsDirectory="28b7a705-38fe-4e71-bb87-e34f77fd33de" />
    <UnitTestResult executionId="1380d9e6-989e-4a8f-ab5e-7031b6771388" testId="8835c263-7c2a-cc06-f86c-1fa88f6bc719" testName="EmperorPenguin.Tests.BoundTreeBindSymbolTest.TestSymbolFullName" computerName="cachyos" duration="00:00:00.0000478" startTime="2026-06-08T03:43:57.1534024+08:00" endTime="2026-06-08T03:43:57.1534166+08:00" testType="13cdc9d9-ddb5-4fa4-a97d-d965ccfc6d4b" outcome="Passed" testListId="8c84fa94-04c1-424b-9868-57a2d4851a1d" relativeResultsDirectory="1380d9e6-989e-4a8f-ab5e-7031b6771388" />
    <UnitTestResult executionId="ccd5b425-b078-40e9-9d78-e6c6a4aa6f54" testId="edf9ec94-188e-fa3e-4eec-269edd1cb756" testName="EmperorPenguin.Tests.EndToEndGenericTest.GenericClassTwoParams" computerName="cachyos" duration="00:00:24.7925759" startTime="2026-06-08T03:49:02.8851752+08:00" endTime="2026-06-08T03:49:27.6775548+08:00" testType="13cdc9d9-ddb5-4fa4-a97d-d965ccfc6d4b" outcome="Passed" testListId="8c84fa94-04c1-424b-9868-57a2d4851a1d" relativeResultsDirectory="ccd5b425-b078-40e9-9d78-e6c6a4aa6f54" />
    <UnitTestResult executionId="d26067b8-0d85-4cd8-8828-bc319bbef7d5" testId="7f3e705d-9f08-9b12-1171-661a9fd1e888" testName="EmperorPenguin.Tests.BoundScopeTest.ParentScopeLookupTest" computerName="cachyos" duration="00:00:00.0000706" startTime="2026-06-08T03:43:23.4783632+08:00" endTime="2026-06-08T03:43:23.4783795+08:00" testType="13cdc9d9-ddb5-4fa4-a97d-d965ccfc6d4b" outcome="Passed" testListId="8c84fa94-04c1-424b-9868-57a2d4851a1d" relativeResultsDirectory="d26067b8-0d85-4cd8-8828-bc319bbef7d5" />
    <UnitTestResult executionId="3840d8ba-5018-4483-8fe5-673981532a1e" testId="4101dd8f-6e70-be4d-0653-008c7f153a4b" testName="EmperorPenguin.Tests.ASTRoundTripParseTest.Gap_ParseTypeReference" computerName="cachyos" duration="00:00:00.0000532" startTime="2026-06-08T03:44:42.3696142+08:00" endTime="2026-06-08T03:44:42.3696409+08:00" testType="13cdc9d9-ddb5-4fa4-a97d-d965ccfc6d4b" outcome="Passed" testListId="8c84fa94-04c1-424b-9868-57a2d4851a1d" relativeResultsDirectory="3840d8ba-5018-4483-8fe5-673981532a1e" />
    <UnitTestResult executionId="2aa491af-10ee-4ab1-9b09-e19866013c11" testId="06eb9d6b-a855-f35e-20ec-f22fc400701e" testName="EmperorPenguin.Tests.EndToEndBasicTest.FunctionMultiParam" computerName="cachyos" duration="00:00:00.0000201" startTime="2026-06-08T03:54:38.5676914+08:00" endTime="2026-06-08T03:54:38.5677410+08:00" testType="13cdc9d9-ddb5-4fa4-a97d-d965ccfc6d4b" outcome="Passed" testListId="8c84fa94-04c1-424b-9868-57a2d4851a1d" relativeResultsDirectory="2aa491af-10ee-4ab1-9b09-e19866013c11" />
    <UnitTestResult executionId="2973896b-82ac-4b9b-8c9f-75949c8c692c" testId="60d27049-fb0f-e271-9d7b-c5bbca9724c3" testName="EmperorPenguin.Tests.ASTRoundTripParseTest.ParseStmt_EmitNoArg" computerName="cachyos" duration="00:00:03.3704944" startTime="2026-06-08T03:44:45.7216727+08:00" endTime="2026-06-08T03:44:49.0921515+08:00" testType="13cdc9d9-ddb5-4fa4-a97d-d965ccfc6d4b" outcome="Passed" testListId="8c84fa94-04c1-424b-9868-57a2d4851a1d" relativeResultsDirectory="2973896b-82ac-4b9b-8c9f-75949c8c692c" />
    <UnitTestResult executionId="519d2a34-1df3-4763-ad79-9ad03f59f6f3" testId="00cdb85b-edd6-56b5-e655-33fd5430c48e" testName="EmperorPenguin.Tests.LLVMTest.TestLLVMBinaryLessThanOrEqual" computerName="cachyos" duration="00:00:00.0000484" startTime="2026-06-08T03:44:21.9224337+08:00" endTime="2026-06-08T03:44:21.9224619+08:00" testType="13cdc9d9-ddb5-4fa4-a97d-d965ccfc6d4b" outcome="Passed" testListId="8c84fa94-04c1-424b-9868-57a2d4851a1d" relativeResultsDirectory="519d2a34-1df3-4763-ad79-9ad03f59f6f3" />
    <UnitTestResult executionId="09105d1e-a0c0-4075-801e-9a5883e4c0e0" testId="38d84f56-3049-e6c5-b06d-6ffa1da27055" testName="EmperorPenguin.Tests.EndToEndInterfaceTest.EnumInterfaceCallWithLogic" computerName="cachyos" duration="00:00:00.0000436" startTime="2026-06-08T03:47:48.4582029+08:00" endTime="2026-06-08T03:47:48.4582707+08:00" testType="13cdc9d9-ddb5-4fa4-a97d-d965ccfc6d4b" outcome="Passed" testListId="8c84fa94-04c1-424b-9868-57a2d4851a1d" relativeResultsDirectory="09105d1e-a0c0-4075-801e-9a5883e4c0e0" />
    <UnitTestResult executionId="392923d4-bbb8-4939-82c0-753dc4cdd118" testId="406c77fd-0c75-3f6e-222f-beecc42a5647" testName="EmperorPenguin.Tests.LLVMTest.TestLLVMVoidFunction" computerName="cachyos" duration="00:00:00.0000535" startTime="2026-06-08T03:44:21.9190702+08:00" endTime="2026-06-08T03:44:21.9190821+08:00" testType="13cdc9d9-ddb5-4fa4-a97d-d965ccfc6d4b" outcome="Passed" testListId="8c84fa94-04c1-424b-9868-57a2d4851a1d" relativeResultsDirectory="392923d4-bbb8-4939-82c0-753dc4cdd118" />
    <UnitTestResult executionId="ed129368-4883-4237-bf1f-7cf0bf58dae5" testId="8a109217-cbc7-417f-4911-ab8a46daab2a" testName="EmperorPenguin.Tests.EndToEndInterfaceTest.InterfaceDefaultMethod" computerName="cachyos" duration="00:00:00.0000422" startTime="2026-06-08T03:47:48.4584180+08:00" endTime="2026-06-08T03:47:48.4584647+08:00" testType="13cdc9d9-ddb5-4fa4-a97d-d965ccfc6d4b" outcome="Passed" testListId="8c84fa94-04c1-424b-9868-57a2d4851a1d" relativeResultsDirectory="ed129368-4883-4237-bf1f-7cf0bf58dae5" />
    <UnitTestResult executionId="08414bc2-3962-4319-999f-c22a836aea6a" testId="595bb629-65ae-ccfe-2be7-768a354259b2" testName="EmperorPenguin.Tests.EndToEndInterfaceTest.ObjectIsInterface" computerName="cachyos" duration="00:00:24.2082228" startTime="2026-06-08T03:46:59.8905892+08:00" endTime="2026-06-08T03:47:24.0983558+08:00" testType="13cdc9d9-ddb5-4fa4-a97d-d965ccfc6d4b" outcome="Passed" testListId="8c84fa94-04c1-424b-9868-57a2d4851a1d" relativeResultsDirectory="08414bc2-3962-4319-999f-c22a836aea6a" />
    <UnitTestResult executionId="3f1c4ddf-b5f0-4e60-a1d7-5ee62fc0aff5" testId="75ada171-cee1-8dfe-d52a-0bbf94db81ea" testName="EmperorPenguin.Tests.ASTRoundTripParseTest.ParseDef_InitialRoutine" computerName="cachyos" duration="00:00:00.0000487" startTime="2026-06-08T03:44:45.7200706+08:00" endTime="2026-06-08T03:44:45.7201000+08:00" testType="13cdc9d9-ddb5-4fa4-a97d-d965ccfc6d4b" outcome="Passed" testListId="8c84fa94-04c1-424b-9868-57a2d4851a1d" relativeResultsDirectory="3f1c4ddf-b5f0-4e60-a1d7-5ee62fc0aff5" />
    <UnitTestResult executionId="a5063181-4fb1-4b7c-8257-139b721aaf4c" testId="ce22ea6c-745e-bcb9-76d4-00c84daa81f8" testName="EmperorPenguin.Tests.LLVMTest.TestLLVMNewEnumWithPayload" computerName="cachyos" duration="00:00:00.0001116" startTime="2026-06-08T03:44:21.9215667+08:00" endTime="2026-06-08T03:44:21.9216571+08:00" testType="13cdc9d9-ddb5-4fa4-a97d-d965ccfc6d4b" outcome="Passed" testListId="8c84fa94-04c1-424b-9868-57a2d4851a1d" relativeResultsDirectory="a5063181-4fb1-4b7c-8257-139b721aaf4c" />
    <UnitTestResult executionId="f5008a8a-f6ea-4668-93b3-fb6b0664e41e" testId="7901e2c9-224c-5f80-348b-7e170b97dc6a" testName="EmperorPenguin.Tests.EndToEndClassTest.ClassMethodReturn" computerName="cachyos" duration="00:00:00.0001863" startTime="2026-06-08T03:52:52.2058903+08:00" endTime="2026-06-08T03:52:52.2059583+08:00" testType="13cdc9d9-ddb5-4fa4-a97d-d965ccfc6d4b" outcome="Passed" testListId="8c84fa94-04c1-424b-9868-57a2d4851a1d" relativeResultsDirectory="f5008a8a-f6ea-4668-93b3-fb6b0664e41e" />
    <UnitTestResult executionId="9527d23c-6c38-4cd7-b94b-77ee2c1e1034" testId="dd2f0db0-1b46-0c97-8a41-60a904d85c68" testName="EmperorPenguin.Tests.IRBasicTest.TestBreak" computerName="cachyos" duration="00:00:00.0000329" startTime="2026-06-08T03:41:15.5598329+08:00" endTime="2026-06-08T03:41:15.5598545+08:00" testType="13cdc9d9-ddb5-4fa4-a97d-d965ccfc6d4b" outcome="Passed" testListId="8c84fa94-04c1-424b-9868-57a2d4851a1d" relativeResultsDirectory="9527d23c-6c38-4cd7-b94b-77ee2c1e1034" />
    <UnitTestResult executionId="40bd218e-ee4a-43c1-b19a-ac7a4d7de749" testId="6b28cde2-b3c5-85bf-6a2e-0e42a02ce0fb" testName="EmperorPenguin.Tests.ASTBuildTextTest.AST_AssignmentStatement_BuildText" computerName="cachyos" duration="00:00:00.0000314" startTime="2026-06-08T03:40:43.5452699+08:00" endTime="2026-06-08T03:40:43.5453102+08:00" testType="13cdc9d9-ddb5-4fa4-a97d-d965ccfc6d4b" outcome="Passed" testListId="8c84fa94-04c1-424b-9868-57a2d4851a1d" relativeResultsDirectory="40bd218e-ee4a-43c1-b19a-ac7a4d7de749" />
    <UnitTestResult executionId="038fa3f8-b761-4e95-b70b-7107b6a460a9" testId="5e7a9004-b9aa-954b-dc81-4ae0e4812cc1" testName="EmperorPenguin.Tests.BoundScopeTest.LookupTypeInScopeTest" computerName="cachyos" duration="00:00:10.3745338" startTime="2026-06-08T03:43:13.1035160+08:00" endTime="2026-06-08T03:43:23.4780007+08:00" testType="13cdc9d9-ddb5-4fa4-a97d-d965ccfc6d4b" outcome="Passed" testListId="8c84fa94-04c1-424b-9868-57a2d4851a1d" relativeResultsDirectory="038fa3f8-b761-4e95-b70b-7107b6a460a9" />
    <UnitTestResult executionId="628469fe-1e17-493d-bdc9-17970ffbab79" testId="d68a02b7-de0e-919e-ef65-854e1488d60b" testName="EmperorPenguin.Tests.BoundFunctionTest.TestFunctionCallRetType" computerName="cachyos" duration="00:00:00.0000621" startTime="2026-06-08T03:40:54.4200815+08:00" endTime="2026-06-08T03:40:54.4200947+08:00" testType="13cdc9d9-ddb5-4fa4-a97d-d965ccfc6d4b" outcome="Passed" testListId="8c84fa94-04c1-424b-9868-57a2d4851a1d" relativeResultsDirectory="628469fe-1e17-493d-bdc9-17970ffbab79" />
    <UnitTestResult executionId="1c450fe8-1b8d-46ad-94d1-09c2d89921af" testId="e27a6ec5-6645-10e6-e806-6d895a06bebf" testName="EmperorPenguin.Tests.IRBasicTest.TestEnumWithWhileLoop" computerName="cachyos" duration="00:00:00.0000313" startTime="2026-06-08T03:41:15.5613868+08:00" endTime="2026-06-08T03:41:15.5613998+08:00" testType="13cdc9d9-ddb5-4fa4-a97d-d965ccfc6d4b" outcome="Passed" testListId="8c84fa94-04c1-424b-9868-57a2d4851a1d" relativeResultsDirectory="1c450fe8-1b8d-46ad-94d1-09c2d89921af" />
    <UnitTestResult executionId="7dd3ac03-df8b-4935-b2aa-516e8cdc215d" testId="3bb08042-4854-d2c3-d981-ae73ac9432cf" testName="EmperorPenguin.Tests.EndToEndInterfaceTest.ValueTypeBoxing" computerName="cachyos" duration="00:00:00.0000855" startTime="2026-06-08T03:47:48.4580319+08:00" endTime="2026-06-08T03:47:48.4580774+08:00" testType="13cdc9d9-ddb5-4fa4-a97d-d965ccfc6d4b" outcome="Passed" testListId="8c84fa94-04c1-424b-9868-57a2d4851a1d" relativeResultsDirectory="7dd3ac03-df8b-4935-b2aa-516e8cdc215d" />
    <UnitTestResult executionId="064eff85-3b12-46c0-bc94-5c02cfb91653" testId="8eaafe3b-42bc-e02e-7140-2b2bfe241383" testName="EmperorPenguin.Tests.LLVMTest.TestLLVMExternDecl" computerName="cachyos" duration="00:00:00.0000860" startTime="2026-06-08T03:44:21.9210269+08:00" endTime="2026-06-08T03:44:21.9210577+08:00" testType="13cdc9d9-ddb5-4fa4-a97d-d965ccfc6d4b" outcome="Passed" testListId="8c84fa94-04c1-424b-9868-57a2d4851a1d" relativeResultsDirectory="064eff85-3b12-46c0-bc94-5c02cfb91653" />
    <UnitTestResult executionId="517687c2-6cca-4c5c-86ba-023b086562d0" testId="7cb8c34f-e613-e106-aa58-e4b3c9236bf3" testName="EmperorPenguin.Tests.LLVMTest.TestLLVMBinaryDiv" computerName="cachyos" duration="00:00:00.0000437" startTime="2026-06-08T03:44:21.9222914+08:00" endTime="2026-06-08T03:44:21.9223133+08:00" testType="13cdc9d9-ddb5-4fa4-a97d-d965ccfc6d4b" outcome="Passed" testListId="8c84fa94-04c1-424b-9868-57a2d4851a1d" relativeResultsDirectory="517687c2-6cca-4c5c-86ba-023b086562d0" />
    <UnitTestResult executionId="530ab985-360f-4063-a4a2-f45f123bb2de" testId="24999753-38b9-12b8-e4c4-b811cc6f94d6" testName="EmperorPenguin.Tests.ASTRoundTripParseTest.ParseRoundTrip_BinaryDivide" computerName="cachyos" duration="00:00:00.0000466" startTime="2026-06-08T03:44:45.7202678+08:00" endTime="2026-06-08T03:44:45.7203008+08:00" testType="13cdc9d9-ddb5-4fa4-a97d-d965ccfc6d4b" outcome="Passed" testListId="8c84fa94-04c1-424b-9868-57a2d4851a1d" relativeResultsDirectory="530ab985-360f-4063-a4a2-f45f123bb2de" />
    <UnitTestResult executionId="136acbf2-d5ae-4988-b6fe-fa093181a1a8" testId="32c98781-a054-899d-d111-2067a72d1989" testName="EmperorPenguin.Tests.ASTRoundTripParseTest.ParseRoundTrip_WhileWithCondition" computerName="cachyos" duration="00:00:00.0000346" startTime="2026-06-08T03:44:52.6041655+08:00" endTime="2026-06-08T03:44:52.6041791+08:00" testType="13cdc9d9-ddb5-4fa4-a97d-d965ccfc6d4b" outcome="Passed" testListId="8c84fa94-04c1-424b-9868-57a2d4851a1d" relativeResultsDirectory="136acbf2-d5ae-4988-b6fe-fa093181a1a8" />
    <UnitTestResult executionId="4ee222dd-99d6-44af-9a57-38a62c83b1dd" testId="95c7bced-4d43-1e78-8055-96f1d2c2ea60" testName="EmperorPenguin.Tests.BoundTreeExpressionTest.IntegerLiteralTypeTest" computerName="cachyos" duration="00:00:00.0000189" startTime="2026-06-08T03:44:35.6763470+08:00" endTime="2026-06-08T03:44:35.6763754+08:00" testType="13cdc9d9-ddb5-4fa4-a97d-d965ccfc6d4b" outcome="Passed" testListId="8c84fa94-04c1-424b-9868-57a2d4851a1d" relativeResultsDirectory="4ee222dd-99d6-44af-9a57-38a62c83b1dd" />
    <UnitTestResult executionId="5444561d-481f-4859-a7d5-ca1e1872f0aa" testId="c09515c4-84d6-3cfd-16f7-df46482550c6" testName="EmperorPenguin.Tests.ASTRoundTripParseTest.ParseRoundTrip_CodeBlockWithIfAndWhile" computerName="cachyos" duration="00:00:00.0000924" startTime="2026-06-08T03:44:42.3708488+08:00" endTime="2026-06-08T03:44:42.3708784+08:00" testType="13cdc9d9-ddb5-4fa4-a97d-d965ccfc6d4b" outcome="Failed" testListId="8c84fa94-04c1-424b-9868-57a2d4851a1d" relativeResultsDirectory="5444561d-481f-4859-a7d5-ca1e1872f0aa">
      <Output>
        <ErrorInfo>
          <Message>Assert.Equal() Failure: Strings differ
                         ↓ (pos 14)
Expected: "{ if (1) { 2 } while (x) { 3 } 4 }"
Actual:   "{ if (1) { 2 }; while (x) { 3 } 4 }"
                         ↑ (pos 14)</Message>
          <StackTrace>   at EmperorPenguin.Tests.BatchResults.Assert(String name) in /home/cauly/Workspace/penguinlang/EmperorPenguin.Tests/BatchCompiler.cs:line 52
   at EmperorPenguin.Tests.ASTRoundTripParseTest.ParseRoundTrip_CodeBlockWithIfAndWhile() in /home/cauly/Workspace/penguinlang/EmperorPenguin.Tests/ASTRoundTripParseTest.cs:line 292
   at System.RuntimeMethodHandle.InvokeMethod(ObjectHandleOnStack target, Void** arguments, ObjectHandleOnStack sig, BOOL isConstructor, ObjectHandleOnStack result)
   at System.RuntimeMethodHandle.InvokeMethod(ObjectHandleOnStack target, Void** arguments, ObjectHandleOnStack sig, BOOL isConstructor, ObjectHandleOnStack result)
   at System.Reflection.MethodBaseInvoker.InterpretedInvoke_Method(Object obj, IntPtr* args)
   at System.Reflection.RuntimeMethodInfo.Invoke(Object obj, BindingFlags invokeAttr, Binder binder, Object[] parameters, CultureInfo culture)</StackTrace>
        </ErrorInfo>
      </Output>
    </UnitTestResult>
    <UnitTestResult executionId="fdd93e50-6e2e-495c-9b55-70616dc96b83" testId="5cbeb638-8c89-2ebe-8145-b767a60ed7fc" testName="EmperorPenguin.Tests.BoundTypeRegistryTest.ImplicitCastTest" computerName="cachyos" duration="00:00:10.2030234" startTime="2026-06-08T03:42:33.0294222+08:00" endTime="2026-06-08T03:42:43.2315947+08:00" testType="13cdc9d9-ddb5-4fa4-a97d-d965ccfc6d4b" outcome="Passed" testListId="8c84fa94-04c1-424b-9868-57a2d4851a1d" relativeResultsDirectory="fdd93e50-6e2e-495c-9b55-70616dc96b83" />
    <UnitTestResult executionId="147cb037-2b0b-4042-9f26-578e313520eb" testId="a3028d51-e37e-df94-c01e-a58164ecc5e0" testName="EmperorPenguin.Tests.EndToEndBasicTest.RvoTest" computerName="cachyos" duration="00:00:00.0003516" startTime="2026-06-08T03:54:38.5645723+08:00" endTime="2026-06-08T03:54:38.5647197+08:00" testType="13cdc9d9-ddb5-4fa4-a97d-d965ccfc6d4b" outcome="Passed" testListId="8c84fa94-04c1-424b-9868-57a2d4851a1d" relativeResultsDirectory="147cb037-2b0b-4042-9f26-578e313520eb" />
    <UnitTestResult executionId="504a12cb-20cb-4801-a592-adbb48f5ae81" testId="507c48b7-0b4c-a425-1613-143723225069" testName="EmperorPenguin.Tests.ASTRoundTripParseTest.ParseRoundTrip_UnaryWithMemberAccess" computerName="cachyos" duration="00:00:00.0001009" startTime="2026-06-08T03:44:52.6014465+08:00" endTime="2026-06-08T03:44:52.6014746+08:00" testType="13cdc9d9-ddb5-4fa4-a97d-d965ccfc6d4b" outcome="Passed" testListId="8c84fa94-04c1-424b-9868-57a2d4851a1d" relativeResultsDirectory="504a12cb-20cb-4801-a592-adbb48f5ae81" />
    <UnitTestResult executionId="f0ecf67b-61a9-4151-a989-cb3b3ffef63d" testId="ce63728a-4451-2ba8-9a1a-755d2a775f92" testName="EmperorPenguin.Tests.LLVMTest.TestLLVMBinaryMul" computerName="cachyos" duration="00:00:00.0000560" startTime="2026-06-08T03:44:21.9190292+08:00" endTime="2026-06-08T03:44:21.9190416+08:00" testType="13cdc9d9-ddb5-4fa4-a97d-d965ccfc6d4b" outcome="Passed" testListId="8c84fa94-04c1-424b-9868-57a2d4851a1d" relativeResultsDirectory="f0ecf67b-61a9-4151-a989-cb3b3ffef63d" />
    <UnitTestResult executionId="86a16377-5605-4bd9-9d2a-ecd860129074" testId="893f68e2-ec9a-c998-30b4-3a01678b4b80" testName="EmperorPenguin.Tests.IRBasicTest.TestEnumPatternMatchBranch" computerName="cachyos" duration="00:00:00.0000766" startTime="2026-06-08T03:41:15.5589600+08:00" endTime="2026-06-08T03:41:15.5589904+08:00" testType="13cdc9d9-ddb5-4fa4-a97d-d965ccfc6d4b" outcome="Passed" testListId="8c84fa94-04c1-424b-9868-57a2d4851a1d" relativeResultsDirectory="86a16377-5605-4bd9-9d2a-ecd860129074" />
    <UnitTestResult executionId="dad13f13-c9bf-4ea6-b2a6-5aae7b7d6eff" testId="b3b3c232-94e7-0aed-9f62-dcbba27d1115" testName="EmperorPenguin.Tests.BoundTreeExpressionTest.BinaryExpressionTypeTest" computerName="cachyos" duration="00:00:00.0000204" startTime="2026-06-08T03:44:35.6765276+08:00" endTime="2026-06-08T03:44:35.6765541+08:00" testType="13cdc9d9-ddb5-4fa4-a97d-d965ccfc6d4b" outcome="Passed" testListId="8c84fa94-04c1-424b-9868-57a2d4851a1d" relativeResultsDirectory="dad13f13-c9bf-4ea6-b2a6-5aae7b7d6eff" />
    <UnitTestResult executionId="a6ae41ec-709c-47a3-9197-b333eb3b781c" testId="968c2a60-da23-78cd-75ed-0e1832304a4f" testName="EmperorPenguin.Tests.IRBasicTest.TestFunctionCall" computerName="cachyos" duration="00:00:00.0000294" startTime="2026-06-08T03:41:15.5611590+08:00" endTime="2026-06-08T03:41:15.5611795+08:00" testType="13cdc9d9-ddb5-4fa4-a97d-d965ccfc6d4b" outcome="Passed" testListId="8c84fa94-04c1-424b-9868-57a2d4851a1d" relativeResultsDirectory="a6ae41ec-709c-47a3-9197-b333eb3b781c" />
    <UnitTestResult executionId="ab39d312-c1d7-48d4-83d8-eb09fc2c3868" testId="c3429067-f8d3-456a-6cb7-f1e06f8eb1ce" testName="EmperorPenguin.Tests.ASTRoundTripParseTest.ParseLambda_WithReturnType" computerName="cachyos" duration="00:00:00.0000473" startTime="2026-06-08T03:44:45.7202040+08:00" endTime="2026-06-08T03:44:45.7202360+08:00" testType="13cdc9d9-ddb5-4fa4-a97d-d965ccfc6d4b" outcome="Passed" testListId="8c84fa94-04c1-424b-9868-57a2d4851a1d" relativeResultsDirectory="ab39d312-c1d7-48d4-83d8-eb09fc2c3868" />
    <UnitTestResult executionId="5b23fba1-5ea7-4527-8f7d-4478eb5c4102" testId="36649357-92fa-7972-3b8a-e69a3165b6de" testName="EmperorPenguin.Tests.ASTRoundTripParseTest.ParseStmt_EmitEvent" computerName="cachyos" duration="00:00:03.5081827" startTime="2026-06-08T03:44:49.0938392+08:00" endTime="2026-06-08T03:44:52.6010565+08:00" testType="13cdc9d9-ddb5-4fa4-a97d-d965ccfc6d4b" outcome="Passed" testListId="8c84fa94-04c1-424b-9868-57a2d4851a1d" relativeResultsDirectory="5b23fba1-5ea7-4527-8f7d-4478eb5c4102" />
    <UnitTestResult executionId="f0603c8b-c577-4e4a-a0dd-736e3950529a" testId="b8ea931d-ada5-39e4-e5c2-0cb8e8b093c8" testName="EmperorPenguin.Tests.ASTBuildTextTest.AST_BreakStatement_BuildText" computerName="cachyos" duration="00:00:00.0000181" startTime="2026-06-08T03:40:43.5603341+08:00" endTime="2026-06-08T03:40:43.5603718+08:00" testType="13cdc9d9-ddb5-4fa4-a97d-d965ccfc6d4b" outcome="Passed" testListId="8c84fa94-04c1-424b-9868-57a2d4851a1d" relativeResultsDirectory="f0603c8b-c577-4e4a-a0dd-736e3950529a" />
    <UnitTestResult executionId="18024ccd-cedc-4736-bafd-591ca25e4231" testId="3967328f-6a73-d60f-0c46-868c997093c4" testName="EmperorPenguin.Tests.IRBasicTest.TestBinaryAdd" computerName="cachyos" duration="00:00:00.0000575" startTime="2026-06-08T03:41:15.5565561+08:00" endTime="2026-06-08T03:41:15.5565779+08:00" testType="13cdc9d9-ddb5-4fa4-a97d-d965ccfc6d4b" outcome="Passed" testListId="8c84fa94-04c1-424b-9868-57a2d4851a1d" relativeResultsDirectory="18024ccd-cedc-4736-bafd-591ca25e4231" />
    <UnitTestResult executionId="9e18d2b0-ded1-4f6e-b3c2-bcc81aab814b" testId="734c9cac-634b-095e-09bf-b63ea559debe" testName="EmperorPenguin.Tests.ASTRoundTripParseTest.ParseRoundTrip_FullProgramWithClass" computerName="cachyos" duration="00:00:00.0001737" startTime="2026-06-08T03:44:45.7209434+08:00" endTime="2026-06-08T03:44:45.7211232+08:00" testType="13cdc9d9-ddb5-4fa4-a97d-d965ccfc6d4b" outcome="Passed" testListId="8c84fa94-04c1-424b-9868-57a2d4851a1d" relativeResultsDirectory="9e18d2b0-ded1-4f6e-b3c2-bcc81aab814b" />
    <UnitTestResult executionId="c77c898b-c13a-4ada-a8ce-aa667e86b0e1" testId="890fbca5-b777-6c3f-8287-632217ff21fc" testName="EmperorPenguin.Tests.ASTRoundTripParseTest.ParseRoundTrip_UnaryBitwiseNot" computerName="cachyos" duration="00:00:00.0000203" startTime="2026-06-08T03:44:52.6053035+08:00" endTime="2026-06-08T03:44:52.6053174+08:00" testType="13cdc9d9-ddb5-4fa4-a97d-d965ccfc6d4b" outcome="Passed" testListId="8c84fa94-04c1-424b-9868-57a2d4851a1d" relativeResultsDirectory="c77c898b-c13a-4ada-a8ce-aa667e86b0e1" />
    <UnitTestResult executionId="fa45fd1e-6644-43f5-9737-dd89368f89c5" testId="85026694-e1b2-06af-b947-60bbf91c64c5" testName="EmperorPenguin.Tests.ASTBuildTextTest.AST_TypeSpecifier_WithAutoMutability_BuildText" computerName="cachyos" duration="00:00:00.0000197" startTime="2026-06-08T03:40:43.5526774+08:00" endTime="2026-06-08T03:40:43.5527174+08:00" testType="13cdc9d9-ddb5-4fa4-a97d-d965ccfc6d4b" outcome="Passed" testListId="8c84fa94-04c1-424b-9868-57a2d4851a1d" relativeResultsDirectory="fa45fd1e-6644-43f5-9737-dd89368f89c5" />
    <UnitTestResult executionId="4edcc7ae-c5a0-418e-a364-e0acf859891e" testId="4e4cbe19-daed-52a4-bfc8-a8f488d03e6c" testName="EmperorPenguin.Tests.BoundTreeBindSymbolTest.EnumMemberSymbolTest" computerName="cachyos" duration="00:00:00.0000494" startTime="2026-06-08T03:43:57.1531615+08:00" endTime="2026-06-08T03:43:57.1531764+08:00" testType="13cdc9d9-ddb5-4fa4-a97d-d965ccfc6d4b" outcome="Passed" testListId="8c84fa94-04c1-424b-9868-57a2d4851a1d" relativeResultsDirectory="4edcc7ae-c5a0-418e-a364-e0acf859891e" />
    <UnitTestResult executionId="53676b4f-d0b7-4721-b980-b24e47d54b8c" testId="8ee84f63-fe46-fe7a-1a5d-ed585da0466d" testName="EmperorPenguin.Tests.BoundTreeControlFlowTest.VoidFunctionNoReturnOkTest" computerName="cachyos" duration="00:00:00.0000352" startTime="2026-06-08T03:43:45.5639423+08:00" endTime="2026-06-08T03:43:45.5639599+08:00" testType="13cdc9d9-ddb5-4fa4-a97d-d965ccfc6d4b" outcome="Passed" testListId="8c84fa94-04c1-424b-9868-57a2d4851a1d" relativeResultsDirectory="53676b4f-d0b7-4721-b980-b24e47d54b8c" />
    <UnitTestResult executionId="65157e9e-9d8a-4225-9c95-7f771af21541" testId="643d08a7-1006-1d89-971b-ef08fdbd2419" testName="EmperorPenguin.Tests.ASTRoundTripParseTest.ParseRoundTrip_BinaryNotEqual" computerName="cachyos" duration="00:00:00.0000440" startTime="2026-06-08T03:44:52.6040738+08:00" endTime="2026-06-08T03:44:52.6040874+08:00" testType="13cdc9d9-ddb5-4fa4-a97d-d965ccfc6d4b" outcome="Passed" testListId="8c84fa94-04c1-424b-9868-57a2d4851a1d" relativeResultsDirectory="65157e9e-9d8a-4225-9c95-7f771af21541" />
    <UnitTestResult executionId="7345110b-6ac4-44db-a427-1d7f353dcfd2" testId="96c3c852-f58d-d328-01c1-fe20ec014b0e" testName="EmperorPenguin.Tests.EndToEndBasicTest.NestedIf" computerName="cachyos" duration="00:00:00.0000183" startTime="2026-06-08T03:55:02.7775533+08:00" endTime="2026-06-08T03:55:02.7775886+08:00" testType="13cdc9d9-ddb5-4fa4-a97d-d965ccfc6d4b" outcome="Passed" testListId="8c84fa94-04c1-424b-9868-57a2d4851a1d" relativeResultsDirectory="7345110b-6ac4-44db-a427-1d7f353dcfd2" />
    <UnitTestResult executionId="069ce70a-be34-450c-8c57-161b41826f2d" testId="dfdc8039-0e64-cb67-aa8a-3793e703010e" testName="EmperorPenguin.Tests.ASTBuildTextTest.AST_ClassFieldDefinition_MutableWithInitializer_BuildText" computerName="cachyos" duration="00:00:00.0000187" startTime="2026-06-08T03:40:43.5539276+08:00" endTime="2026-06-08T03:40:43.5539683+08:00" testType="13cdc9d9-ddb5-4fa4-a97d-d965ccfc6d4b" outcome="Passed" testListId="8c84fa94-04c1-424b-9868-57a2d4851a1d" relativeResultsDirectory="069ce70a-be34-450c-8c57-161b41826f2d" />
    <UnitTestResult executionId="64c0d028-0a5d-49e8-b879-e67648a9e8ea" testId="0e85798c-8323-cacc-91cb-79101ea4952c" testName="EmperorPenguin.Tests.ASTRoundTripParseTest.ParseLambda_WithTypedParam" computerName="cachyos" duration="00:00:00.0000197" startTime="2026-06-08T03:44:42.3698787+08:00" endTime="2026-06-08T03:44:42.3699043+08:00" testType="13cdc9d9-ddb5-4fa4-a97d-d965ccfc6d4b" outcome="Passed" testListId="8c84fa94-04c1-424b-9868-57a2d4851a1d" relativeResultsDirectory="64c0d028-0a5d-49e8-b879-e67648a9e8ea" />
    <UnitTestResult executionId="fd019cd5-26f7-44c5-b49e-15b623742e34" testId="942c629f-42ad-eb67-e5ae-60c80bfd1a43" testName="EmperorPenguin.Tests.EndToEndBasicTest.PrintEmptyLine" computerName="cachyos" duration="00:00:00.0000217" startTime="2026-06-08T03:54:38.5660691+08:00" endTime="2026-06-08T03:54:38.5661201+08:00" testType="13cdc9d9-ddb5-4fa4-a97d-d965ccfc6d4b" outcome="Passed" testListId="8c84fa94-04c1-424b-9868-57a2d4851a1d" relativeResultsDirectory="fd019cd5-26f7-44c5-b49e-15b623742e34" />
    <UnitTestResult executionId="181095e3-c9cc-411d-8563-a5fdf0f89b80" testId="318fc41f-11d8-584a-8fab-0ad360b96f0b" testName="EmperorPenguin.Tests.ASTBuildTextTest.AST_IfStatement_BuildText" computerName="cachyos" duration="00:00:00.0000216" startTime="2026-06-08T03:40:43.5503753+08:00" endTime="2026-06-08T03:40:43.5504179+08:00" testType="13cdc9d9-ddb5-4fa4-a97d-d965ccfc6d4b" outcome="Passed" testListId="8c84fa94-04c1-424b-9868-57a2d4851a1d" relativeResultsDirectory="181095e3-c9cc-411d-8563-a5fdf0f89b80" />
    <UnitTestResult executionId="aca71d50-04c0-4fef-a880-e9e806d4186b" testId="be2aea97-c113-8587-4812-29072d95ea63" testName="EmperorPenguin.Tests.IRBasicTest.TestEnumVariantNone" computerName="cachyos" duration="00:00:00.0000458" startTime="2026-06-08T03:41:15.5603443+08:00" endTime="2026-06-08T03:41:15.5603666+08:00" testType="13cdc9d9-ddb5-4fa4-a97d-d965ccfc6d4b" outcome="Passed" testListId="8c84fa94-04c1-424b-9868-57a2d4851a1d" relativeResultsDirectory="aca71d50-04c0-4fef-a880-e9e806d4186b" />
    <UnitTestResult executionId="fc044325-1401-402c-95e4-322346222082" testId="0844d27e-23f2-45ef-0333-f6ce0113c8da" testName="EmperorPenguin.Tests.BoundTypeRegistryTest.RegisterAndResolveUserTypeTest" computerName="cachyos" duration="00:00:25.2776710" startTime="2026-06-08T03:41:37.3893450+08:00" endTime="2026-06-08T03:42:02.6670664+08:00" testType="13cdc9d9-ddb5-4fa4-a97d-d965ccfc6d4b" outcome="Passed" testListId="8c84fa94-04c1-424b-9868-57a2d4851a1d" relativeResultsDirectory="fc044325-1401-402c-95e4-322346222082" />
    <UnitTestResult executionId="43d7080a-144a-4e7c-a8d7-a109050b79e1" testId="b7cd814e-8976-7002-9a08-e71ccbd4140e" testName="EmperorPenguin.Tests.EndToEndBasicTest.GCRetainsReachable" computerName="cachyos" duration="00:00:00.0000312" startTime="2026-06-08T03:55:02.7780925+08:00" endTime="2026-06-08T03:55:02.7781444+08:00" testType="13cdc9d9-ddb5-4fa4-a97d-d965ccfc6d4b" outcome="Passed" testListId="8c84fa94-04c1-424b-9868-57a2d4851a1d" relativeResultsDirectory="43d7080a-144a-4e7c-a8d7-a109050b79e1" />
    <UnitTestResult executionId="8ec427bc-ab98-4f0a-ad6f-a89e034d84d6" testId="1af37f6b-100c-7573-a695-98d05d90f41a" testName="EmperorPenguin.Tests.BoundTreeControlFlowTest.ContinueOutsideLoopErrorTest" computerName="cachyos" duration="00:00:00.0000391" startTime="2026-06-08T03:43:45.5638918+08:00" endTime="2026-06-08T03:43:45.5639115+08:00" testType="13cdc9d9-ddb5-4fa4-a97d-d965ccfc6d4b" outcome="Passed" testListId="8c84fa94-04c1-424b-9868-57a2d4851a1d" relativeResultsDirectory="8ec427bc-ab98-4f0a-ad6f-a89e034d84d6" />
    <UnitTestResult executionId="d3a4f2b5-c371-4fd0-a048-b52ac8dc4a6c" testId="d0692d95-810f-5be3-2cc9-37ad684294a0" testName="EmperorPenguin.Tests.EndToEndBasicTest.NamespaceGlobalVariable" computerName="cachyos" duration="00:00:00.0000384" startTime="2026-06-08T03:54:38.5654101+08:00" endTime="2026-06-08T03:54:38.5654653+08:00" testType="13cdc9d9-ddb5-4fa4-a97d-d965ccfc6d4b" outcome="Passed" testListId="8c84fa94-04c1-424b-9868-57a2d4851a1d" relativeResultsDirectory="d3a4f2b5-c371-4fd0-a048-b52ac8dc4a6c" />
    <UnitTestResult executionId="2fba56ad-4dab-4b0a-a013-eac46db90b2b" testId="2e2f3a2d-5b9c-8590-5612-248aecc76438" testName="EmperorPenguin.Tests.EndToEndBasicTest.GCInfoReflectsAllocations" computerName="cachyos" duration="00:00:00.0000786" startTime="2026-06-08T03:55:02.7739557+08:00" endTime="2026-06-08T03:55:02.7740399+08:00" testType="13cdc9d9-ddb5-4fa4-a97d-d965ccfc6d4b" outcome="Passed" testListId="8c84fa94-04c1-424b-9868-57a2d4851a1d" relativeResultsDirectory="2fba56ad-4dab-4b0a-a013-eac46db90b2b" />
    <UnitTestResult executionId="cebce8be-565b-4ae9-b1cf-3af564465b38" testId="a3a5c738-2e98-6cc5-0451-89f834ce5112" testName="EmperorPenguin.Tests.ASTBuildTextTest.AST_IfStatementWithElse_BuildText" computerName="cachyos" duration="00:00:00.0008148" startTime="2026-06-08T03:40:43.5444485+08:00" endTime="2026-06-08T03:40:43.5448314+08:00" testType="13cdc9d9-ddb5-4fa4-a97d-d965ccfc6d4b" outcome="Passed" testListId="8c84fa94-04c1-424b-9868-57a2d4851a1d" relativeResultsDirectory="cebce8be-565b-4ae9-b1cf-3af564465b38" />
    <UnitTestResult executionId="758a83e2-d24c-4370-9bb1-8297814c3158" testId="b8834f66-2929-f513-63fb-5e2d120f9c1c" testName="EmperorPenguin.Tests.IRBasicTest.TestPatternMatchInIfIR" computerName="cachyos" duration="00:00:00.0000310" startTime="2026-06-08T03:41:15.5571852+08:00" endTime="2026-06-08T03:41:15.5572099+08:00" testType="13cdc9d9-ddb5-4fa4-a97d-d965ccfc6d4b" outcome="Passed" testListId="8c84fa94-04c1-424b-9868-57a2d4851a1d" relativeResultsDirectory="758a83e2-d24c-4370-9bb1-8297814c3158" />
    <UnitTestResult executionId="b626e1a8-43f5-4cb2-b104-dc8d813f5b04" testId="c0dd3b9a-f475-360f-826f-5cde85692a86" testName="EmperorPenguin.Tests.ASTRoundTripParseTest.ParseRoundTrip_YieldStatement" computerName="cachyos" duration="00:00:00.0001083" startTime="2026-06-08T03:44:52.6018496+08:00" endTime="2026-06-08T03:44:52.6018769+08:00" testType="13cdc9d9-ddb5-4fa4-a97d-d965ccfc6d4b" outcome="Passed" testListId="8c84fa94-04c1-424b-9868-57a2d4851a1d" relativeResultsDirectory="b626e1a8-43f5-4cb2-b104-dc8d813f5b04" />
    <UnitTestResult executionId="e2542bab-8445-4a94-9e7f-092882e773b0" testId="bb77059d-1c2c-3d46-2e52-34dee7132c15" testName="EmperorPenguin.Tests.ASTTokenizationTest.TokenizeLineComment" computerName="cachyos" duration="00:00:00.0000464" startTime="2026-06-08T03:44:01.1099754+08:00" endTime="2026-06-08T03:44:01.1100012+08:00" testType="13cdc9d9-ddb5-4fa4-a97d-d965ccfc6d4b" outcome="Passed" testListId="8c84fa94-04c1-424b-9868-57a2d4851a1d" relativeResultsDirectory="e2542bab-8445-4a94-9e7f-092882e773b0" />
    <UnitTestResult executionId="c747889a-ef3e-494c-8917-7e0b44428e65" testId="439cda80-2c8f-9b47-e9e2-c74db355274e" testName="EmperorPenguin.Tests.LLVMTest.TestLLVMCast" computerName="cachyos" duration="00:00:00.0000629" startTime="2026-06-08T03:44:21.9227045+08:00" endTime="2026-06-08T03:44:21.9227179+08:00" testType="13cdc9d9-ddb5-4fa4-a97d-d965ccfc6d4b" outcome="Passed" testListId="8c84fa94-04c1-424b-9868-57a2d4851a1d" relativeResultsDirectory="c747889a-ef3e-494c-8917-7e0b44428e65" />
    <UnitTestResult executionId="b621f627-feeb-4304-83e9-2a21ce77be46" testId="571c2032-0501-97ac-51ef-f4264d5feb2f" testName="EmperorPenguin.Tests.BoundTreeBuildScopeTest.BindMultipleDefinitionsTest" computerName="cachyos" duration="00:00:00.0000229" startTime="2026-06-08T03:45:04.3564562+08:00" endTime="2026-06-08T03:45:04.3564682+08:00" testType="13cdc9d9-ddb5-4fa4-a97d-d965ccfc6d4b" outcome="Passed" testListId="8c84fa94-04c1-424b-9868-57a2d4851a1d" relativeResultsDirectory="b621f627-feeb-4304-83e9-2a21ce77be46" />
    <UnitTestResult executionId="096d6ade-862f-4ebd-a1ce-147489002e5e" testId="cb0a87f1-f7be-6f61-e4f6-bc39ec711460" testName="EmperorPenguin.Tests.ASTRoundTripParseTest.ParseRoundTrip_TemplateClass" computerName="cachyos" duration="00:00:00.0000771" startTime="2026-06-08T03:44:42.3695247+08:00" endTime="2026-06-08T03:44:42.3695522+08:00" testType="13cdc9d9-ddb5-4fa4-a97d-d965ccfc6d4b" outcome="Passed" testListId="8c84fa94-04c1-424b-9868-57a2d4851a1d" relativeResultsDirectory="096d6ade-862f-4ebd-a1ce-147489002e5e" />
    <UnitTestResult executionId="41c6ad2d-6c59-4a2c-b6ca-e293d4ee6732" testId="90f3934c-ae7f-3427-d1b6-63842c2afcf7" testName="EmperorPenguin.Tests.ASTRoundTripParseTest.ParseFullProgram_FunctionWithThisParam" computerName="cachyos" duration="00:00:00.0001485" startTime="2026-06-08T03:44:52.6024253+08:00" endTime="2026-06-08T03:44:52.6024623+08:00" testType="13cdc9d9-ddb5-4fa4-a97d-d965ccfc6d4b" outcome="Passed" testListId="8c84fa94-04c1-424b-9868-57a2d4851a1d" relativeResultsDirectory="41c6ad2d-6c59-4a2c-b6ca-e293d4ee6732" />
    <UnitTestResult executionId="c2691c9e-0a5c-44d4-bf0a-aaef5d06dda4" testId="030a38f9-5d1a-7cbe-ba8c-02f86f4d82bd" testName="EmperorPenguin.Tests.BoundTreeResolveTypeTest.FunctionWithParametersTest" computerName="cachyos" duration="00:00:00.0000931" startTime="2026-06-08T03:40:39.2736681+08:00" endTime="2026-06-08T03:40:39.2737791+08:00" testType="13cdc9d9-ddb5-4fa4-a97d-d965ccfc6d4b" outcome="Passed" testListId="8c84fa94-04c1-424b-9868-57a2d4851a1d" relativeResultsDirectory="c2691c9e-0a5c-44d4-bf0a-aaef5d06dda4" />
    <UnitTestResult executionId="2532c56c-e2a6-4c10-a2dc-46e4359a5886" testId="4c492475-05e0-4224-84ad-3606e317732a" testName="EmperorPenguin.Tests.BoundFunctionTest.TestFunctionBody" computerName="cachyos" duration="00:00:00.0000783" startTime="2026-06-08T03:40:54.4200251+08:00" endTime="2026-06-08T03:40:54.4200390+08:00" testType="13cdc9d9-ddb5-4fa4-a97d-d965ccfc6d4b" outcome="Passed" testListId="8c84fa94-04c1-424b-9868-57a2d4851a1d" relativeResultsDirectory="2532c56c-e2a6-4c10-a2dc-46e4359a5886" />
    <UnitTestResult executionId="2e5383c4-65c6-4d36-a614-c94d4bc7c1f4" testId="68a9b29c-e8d9-d0b8-73dc-907a5517119d" testName="EmperorPenguin.Tests.ASTRoundTripParseTest.ParseFullProgram_GenericTypeInLet" computerName="cachyos" duration="00:00:03.3521043" startTime="2026-06-08T03:44:42.3734875+08:00" endTime="2026-06-08T03:44:45.7194557+08:00" testType="13cdc9d9-ddb5-4fa4-a97d-d965ccfc6d4b" outcome="Passed" testListId="8c84fa94-04c1-424b-9868-57a2d4851a1d" relativeResultsDirectory="2e5383c4-65c6-4d36-a614-c94d4bc7c1f4" />
    <UnitTestResult executionId="a8c0003d-316a-4bed-ba0f-88a1e9c68395" testId="c6102e71-1ef4-5857-7061-21a077c9f072" testName="EmperorPenguin.Tests.ASTTokenizationTest.TokenizeFloatWithExponent" computerName="cachyos" duration="00:00:00.0000334" startTime="2026-06-08T03:44:01.1101444+08:00" endTime="2026-06-08T03:44:01.1101708+08:00" testType="13cdc9d9-ddb5-4fa4-a97d-d965ccfc6d4b" outcome="Passed" testListId="8c84fa94-04c1-424b-9868-57a2d4851a1d" relativeResultsDirectory="a8c0003d-316a-4bed-ba0f-88a1e9c68395" />
    <UnitTestResult executionId="4b850fb6-1de1-4595-99cd-61674c64f845" testId="d5501434-8899-93e7-e159-80c80b5141b8" testName="EmperorPenguin.Tests.ASTRoundTripParseTest.ParseLambda_WithStringReturnType" computerName="cachyos" duration="00:00:00.0000402" startTime="2026-06-08T03:44:52.6017533+08:00" endTime="2026-06-08T03:44:52.6017825+08:00" testType="13cdc9d9-ddb5-4fa4-a97d-d965ccfc6d4b" outcome="Passed" testListId="8c84fa94-04c1-424b-9868-57a2d4851a1d" relativeResultsDirectory="4b850fb6-1de1-4595-99cd-61674c64f845" />
    <UnitTestResult executionId="3f6f3dd8-dbb6-4e16-bced-97d759bef9f6" testId="adbbeecd-8886-af9a-0931-1f00ed8a58a6" testName="EmperorPenguin.Tests.EndToEndBasicTest.GCGlobalStringSurvives" computerName="cachyos" duration="00:00:00.0000216" startTime="2026-06-08T03:55:02.7764878+08:00" endTime="2026-06-08T03:55:02.7765224+08:00" testType="13cdc9d9-ddb5-4fa4-a97d-d965ccfc6d4b" outcome="Passed" testListId="8c84fa94-04c1-424b-9868-57a2d4851a1d" relativeResultsDirectory="3f6f3dd8-dbb6-4e16-bced-97d759bef9f6" />
    <UnitTestResult executionId="984537c2-c27d-4113-9389-640b15642f39" testId="16e7b1de-a271-4f8c-908e-3f5db267d365" testName="EmperorPenguin.Tests.ASTRoundTripParseTest.ParseStatement_LetMut" computerName="cachyos" duration="00:00:00.0000200" startTime="2026-06-08T03:44:52.6042573+08:00" endTime="2026-06-08T03:44:52.6042705+08:00" testType="13cdc9d9-ddb5-4fa4-a97d-d965ccfc6d4b" outcome="Passed" testListId="8c84fa94-04c1-424b-9868-57a2d4851a1d" relativeResultsDirectory="984537c2-c27d-4113-9389-640b15642f39" />
    <UnitTestResult executionId="56b76fce-6e54-43c7-a353-96784821b9b7" testId="6ac4010a-4fc1-0135-dc19-c1b92b774bd9" testName="EmperorPenguin.Tests.IRBasicTest.TestUnaryNegate" computerName="cachyos" duration="00:00:00.0000361" startTime="2026-06-08T03:41:15.5596615+08:00" endTime="2026-06-08T03:41:15.5596832+08:00" testType="13cdc9d9-ddb5-4fa4-a97d-d965ccfc6d4b" outcome="Passed" testListId="8c84fa94-04c1-424b-9868-57a2d4851a1d" relativeResultsDirectory="56b76fce-6e54-43c7-a353-96784821b9b7" />
    <UnitTestResult executionId="022c387b-a8e4-4a60-b84a-ed864754e9de" testId="a3f51064-895c-25d1-5192-311dd16b1b87" testName="EmperorPenguin.Tests.ASTRoundTripParseTest.ParseRoundTrip_BinaryGreaterThan" computerName="cachyos" duration="00:00:00.0001796" startTime="2026-06-08T03:44:45.7207457+08:00" endTime="2026-06-08T03:44:45.7209089+08:00" testType="13cdc9d9-ddb5-4fa4-a97d-d965ccfc6d4b" outcome="Passed" testListId="8c84fa94-04c1-424b-9868-57a2d4851a1d" relativeResultsDirectory="022c387b-a8e4-4a60-b84a-ed864754e9de" />
    <UnitTestResult executionId="4b4ed10c-8a05-44e6-bd21-5655d9024db5" testId="cca5653f-2545-d274-e1a5-b247bb503a0a" testName="EmperorPenguin.Tests.EndToEndBasicTest.BitwiseOps" computerName="cachyos" duration="00:00:00.0000262" startTime="2026-06-08T03:55:02.7743514+08:00" endTime="2026-06-08T03:55:02.7744130+08:00" testType="13cdc9d9-ddb5-4fa4-a97d-d965ccfc6d4b" outcome="Passed" testListId="8c84fa94-04c1-424b-9868-57a2d4851a1d" relativeResultsDirectory="4b4ed10c-8a05-44e6-bd21-5655d9024db5" />
    <UnitTestResult executionId="a1996367-da12-4731-a329-cde9e5e88d0b" testId="53e6fe1a-9bb3-e476-fe74-89f0bc86d070" testName="EmperorPenguin.Tests.ASTRoundTripParseTest.ParseDef_EnumDefinition" computerName="cachyos" duration="00:00:00.0000271" startTime="2026-06-08T03:44:42.3484066+08:00" endTime="2026-06-08T03:44:42.3484335+08:00" testType="13cdc9d9-ddb5-4fa4-a97d-d965ccfc6d4b" outcome="Passed" testListId="8c84fa94-04c1-424b-9868-57a2d4851a1d" relativeResultsDirectory="a1996367-da12-4731-a329-cde9e5e88d0b" />
    <UnitTestResult executionId="32e97ebd-81f2-4abb-88b1-8f3fd03b7e23" testId="b9a562f5-0e72-0e26-ba7a-9434428236a5" testName="EmperorPenguin.Tests.ASTBuildTextTest.AST_ClassDefinition_WithTemplate_BuildText" computerName="cachyos" duration="00:00:00.0000192" startTime="2026-06-08T03:40:43.5584032+08:00" endTime="2026-06-08T03:40:43.5584441+08:00" testType="13cdc9d9-ddb5-4fa4-a97d-d965ccfc6d4b" outcome="Passed" testListId="8c84fa94-04c1-424b-9868-57a2d4851a1d" relativeResultsDirectory="32e97ebd-81f2-4abb-88b1-8f3fd03b7e23" />
    <UnitTestResult executionId="7e3ad504-2b10-481a-a737-ec37ed121915" testId="6f029794-1d6b-831c-3883-482f668ebd30" testName="EmperorPenguin.Tests.BoundTreeConstructorTest.ImplicitConstructorInNamespaceTest" computerName="cachyos" duration="00:00:00.0000297" startTime="2026-06-08T03:41:37.3891352+08:00" endTime="2026-06-08T03:41:37.3891595+08:00" testType="13cdc9d9-ddb5-4fa4-a97d-d965ccfc6d4b" outcome="Passed" testListId="8c84fa94-04c1-424b-9868-57a2d4851a1d" relativeResultsDirectory="7e3ad504-2b10-481a-a737-ec37ed121915" />
    <UnitTestResult executionId="04f47c2a-b136-432f-b78c-98ac7a3768e8" testId="0d5cd9b2-72cc-05c1-87e6-73e042e898d4" testName="EmperorPenguin.Tests.ASTRoundTripParseTest.ParseRoundTrip_CastWithExpression" computerName="cachyos" duration="00:00:00.0002413" startTime="2026-06-08T03:44:45.7196437+08:00" endTime="2026-06-08T03:44:45.7196928+08:00" testType="13cdc9d9-ddb5-4fa4-a97d-d965ccfc6d4b" outcome="Passed" testListId="8c84fa94-04c1-424b-9868-57a2d4851a1d" relativeResultsDirectory="04f47c2a-b136-432f-b78c-98ac7a3768e8" />
    <UnitTestResult executionId="50c82d4d-57ec-4f36-b129-7f40c12e7c2c" testId="bbd2f242-fd1c-bbc0-cac7-57a3d50bfa5a" testName="EmperorPenguin.Tests.BoundTreeExpressionTest.VoidReturnTypeTest" computerName="cachyos" duration="00:00:00.0000194" startTime="2026-06-08T03:44:35.6761516+08:00" endTime="2026-06-08T03:44:35.6761831+08:00" testType="13cdc9d9-ddb5-4fa4-a97d-d965ccfc6d4b" outcome="Passed" testListId="8c84fa94-04c1-424b-9868-57a2d4851a1d" relativeResultsDirectory="50c82d4d-57ec-4f36-b129-7f40c12e7c2c" />
    <UnitTestResult executionId="f365f591-5a5f-47ce-92c8-43d49874f1b0" testId="deb95a00-72bb-eed5-1ced-bfeccde3f4b5" testName="EmperorPenguin.Tests.ASTRoundTripParseTest.ParseType_ListGeneric" computerName="cachyos" duration="00:00:00.0000341" startTime="2026-06-08T03:44:45.7214032+08:00" endTime="2026-06-08T03:44:45.7214176+08:00" testType="13cdc9d9-ddb5-4fa4-a97d-d965ccfc6d4b" outcome="Passed" testListId="8c84fa94-04c1-424b-9868-57a2d4851a1d" relativeResultsDirectory="f365f591-5a5f-47ce-92c8-43d49874f1b0" />
    <UnitTestResult executionId="7a002cf9-c6a1-4956-80d6-158df44c40fc" testId="febcf4fa-6fb0-8b3b-643e-93d0dd8bf8a4" testName="EmperorPenguin.Tests.BoundTreeBuildScopeTest.BindClassBasicTest" computerName="cachyos" duration="00:00:00.0000236" startTime="2026-06-08T03:45:04.3567492+08:00" endTime="2026-06-08T03:45:04.3567609+08:00" testType="13cdc9d9-ddb5-4fa4-a97d-d965ccfc6d4b" outcome="Passed" testListId="8c84fa94-04c1-424b-9868-57a2d4851a1d" relativeResultsDirectory="7a002cf9-c6a1-4956-80d6-158df44c40fc" />
    <UnitTestResult executionId="fb9a5934-1d1e-4f1c-9d28-bcb228799582" testId="65a83d06-77a9-8189-d706-5c58db37a04d" testName="EmperorPenguin.Tests.ASTRoundTripParseTest.ParseRoundTrip_CodeBlockStatements" computerName="cachyos" duration="00:00:00.0000166" startTime="2026-06-08T03:44:42.3730367+08:00" endTime="2026-06-08T03:44:42.3730576+08:00" testType="13cdc9d9-ddb5-4fa4-a97d-d965ccfc6d4b" outcome="Passed" testListId="8c84fa94-04c1-424b-9868-57a2d4851a1d" relativeResultsDirectory="fb9a5934-1d1e-4f1c-9d28-bcb228799582" />
    <UnitTestResult executionId="1e91fb9c-d2af-443d-bfb4-cb8f6afa0144" testId="a8a499bf-22b7-5c4d-e1ca-daed46ba7e6d" testName="EmperorPenguin.Tests.EndToEndGenericTest.GenericClassString" computerName="cachyos" duration="00:00:24.5885618" startTime="2026-06-08T03:48:38.2966601+08:00" endTime="2026-06-08T03:49:02.8848838+08:00" testType="13cdc9d9-ddb5-4fa4-a97d-d965ccfc6d4b" outcome="Passed" testListId="8c84fa94-04c1-424b-9868-57a2d4851a1d" relativeResultsDirectory="1e91fb9c-d2af-443d-bfb4-cb8f6afa0144" />
    <UnitTestResult executionId="b58211b4-3d84-42d6-890b-62fda351d6ee" testId="ce1ea03e-fdfd-e401-b2d1-a6183318931a" testName="EmperorPenguin.Tests.ASTRoundTripParseTest.ParseStatement_Break" computerName="cachyos" duration="00:00:00.0000839" startTime="2026-06-08T03:44:42.3694139+08:00" endTime="2026-06-08T03:44:42.3694507+08:00" testType="13cdc9d9-ddb5-4fa4-a97d-d965ccfc6d4b" outcome="Passed" testListId="8c84fa94-04c1-424b-9868-57a2d4851a1d" relativeResultsDirectory="b58211b4-3d84-42d6-890b-62fda351d6ee" />
    <UnitTestResult executionId="a18aa20a-b02c-442c-9ae6-04b008befc4a" testId="87f00a0a-18bb-df59-f9cb-7fb7b480ffb0" testName="EmperorPenguin.Tests.IRBasicTest.TestLiteralInteger" computerName="cachyos" duration="00:00:00.0000799" startTime="2026-06-08T03:41:15.5543823+08:00" endTime="2026-06-08T03:41:15.5544052+08:00" testType="13cdc9d9-ddb5-4fa4-a97d-d965ccfc6d4b" outcome="Passed" testListId="8c84fa94-04c1-424b-9868-57a2d4851a1d" relativeResultsDirectory="a18aa20a-b02c-442c-9ae6-04b008befc4a" />
    <UnitTestResult executionId="de88a06f-35ca-4782-aa48-87712768e468" testId="dc9f02ed-3a3b-49ba-d8db-aebd9ce2e68c" testName="EmperorPenguin.Tests.IRBasicTest.TestEnumWithArithmetic" computerName="cachyos" duration="00:00:00.0000426" startTime="2026-06-08T03:41:15.5564020+08:00" endTime="2026-06-08T03:41:15.5564243+08:00" testType="13cdc9d9-ddb5-4fa4-a97d-d965ccfc6d4b" outcome="Passed" testListId="8c84fa94-04c1-424b-9868-57a2d4851a1d" relativeResultsDirectory="de88a06f-35ca-4782-aa48-87712768e468" />
    <UnitTestResult executionId="ec894887-d659-408e-b83c-6e25f7d11a30" testId="c2409ffc-d4fc-61fe-849e-a8b38303eef7" testName="EmperorPenguin.Tests.ASTBuildTextTest.AST_BreakWithValue_BuildText" computerName="cachyos" duration="00:00:00.0000187" startTime="2026-06-08T03:40:43.5602121+08:00" endTime="2026-06-08T03:40:43.5602503+08:00" testType="13cdc9d9-ddb5-4fa4-a97d-d965ccfc6d4b" outcome="Passed" testListId="8c84fa94-04c1-424b-9868-57a2d4851a1d" relativeResultsDirectory="ec894887-d659-408e-b83c-6e25f7d11a30" />
    <UnitTestResult executionId="6dc59418-6747-4c27-8bc6-a051ed98ba07" testId="6b1b2ebc-de44-4539-5603-ee3213f34c51" testName="EmperorPenguin.Tests.IRBasicTest.TestReadEnumPayload" computerName="cachyos" duration="00:00:00.0000280" startTime="2026-06-08T03:41:15.5594272+08:00" endTime="2026-06-08T03:41:15.5594494+08:00" testType="13cdc9d9-ddb5-4fa4-a97d-d965ccfc6d4b" outcome="Passed" testListId="8c84fa94-04c1-424b-9868-57a2d4851a1d" relativeResultsDirectory="6dc59418-6747-4c27-8bc6-a051ed98ba07" />
    <UnitTestResult executionId="6193f199-de2e-46c7-85c6-072c966cd610" testId="ea5be6b8-a2af-6067-06f6-b2ca31d275ab" testName="EmperorPenguin.Tests.BoundTreeControlFlowTest.ClassMethodMissingReturnTest" computerName="cachyos" duration="00:00:00.0000967" startTime="2026-06-08T03:43:45.5635905+08:00" endTime="2026-06-08T03:43:45.5636674+08:00" testType="13cdc9d9-ddb5-4fa4-a97d-d965ccfc6d4b" outcome="Passed" testListId="8c84fa94-04c1-424b-9868-57a2d4851a1d" relativeResultsDirectory="6193f199-de2e-46c7-85c6-072c966cd610" />
    <UnitTestResult executionId="649e73bc-a443-4a59-b5e9-1bad53a5d534" testId="98e6bd60-2925-cee5-2360-cb4b68295a5d" testName="EmperorPenguin.Tests.IRBasicTest.TestEnumMultipleVariants" computerName="cachyos" duration="00:00:00.0000250" startTime="2026-06-08T03:41:15.5612297+08:00" endTime="2026-06-08T03:41:15.5612456+08:00" testType="13cdc9d9-ddb5-4fa4-a97d-d965ccfc6d4b" outcome="Passed" testListId="8c84fa94-04c1-424b-9868-57a2d4851a1d" relativeResultsDirectory="649e73bc-a443-4a59-b5e9-1bad53a5d534" />
    <UnitTestResult executionId="66aa0c30-5d63-4a52-8c0e-67cbda06b42a" testId="718484d0-eb2f-90b1-b613-47d80e010543" testName="EmperorPenguin.Tests.BoundTreeConstructorTest.ImplicitConstructorFunctionTypeTest" computerName="cachyos" duration="00:00:00.0000247" startTime="2026-06-08T03:41:37.3890495+08:00" endTime="2026-06-08T03:41:37.3890754+08:00" testType="13cdc9d9-ddb5-4fa4-a97d-d965ccfc6d4b" outcome="Passed" testListId="8c84fa94-04c1-424b-9868-57a2d4851a1d" relativeResultsDirectory="66aa0c30-5d63-4a52-8c0e-67cbda06b42a" />
    <UnitTestResult executionId="250f5e64-74c8-4598-8b18-3a6003500a12" testId="abb99484-3b20-bbbc-ed4e-840c34ecdc39" testName="EmperorPenguin.Tests.ASTTokenizationTest.TokenizeBinaryInteger" computerName="cachyos" duration="00:00:00.0000754" startTime="2026-06-08T03:44:01.1102283+08:00" endTime="2026-06-08T03:44:01.1102547+08:00" testType="13cdc9d9-ddb5-4fa4-a97d-d965ccfc6d4b" outcome="Passed" testListId="8c84fa94-04c1-424b-9868-57a2d4851a1d" relativeResultsDirectory="250f5e64-74c8-4598-8b18-3a6003500a12" />
    <UnitTestResult executionId="73c817af-b836-42fc-b4fa-9f5c0c6bb13e" testId="3fcb0311-175f-d9b5-dacf-ddadf4c01532" testName="EmperorPenguin.Tests.ASTRoundTripParseTest.Gap_ParseComplexExpression" computerName="cachyos" duration="00:00:00.0000749" startTime="2026-06-08T03:44:52.6041201+08:00" endTime="2026-06-08T03:44:52.6041338+08:00" testType="13cdc9d9-ddb5-4fa4-a97d-d965ccfc6d4b" outcome="Passed" testListId="8c84fa94-04c1-424b-9868-57a2d4851a1d" relativeResultsDirectory="73c817af-b836-42fc-b4fa-9f5c0c6bb13e" />
    <UnitTestResult executionId="a3d22a24-0147-46c6-b3e0-1745dde0b31a" testId="8697e43d-b375-493c-37be-d671ae776027" testName="EmperorPenguin.Tests.ASTRoundTripParseTest.ParseRoundTrip_WhileSimple" computerName="cachyos" duration="00:00:00.0000197" startTime="2026-06-08T03:44:52.6043479+08:00" endTime="2026-06-08T03:44:52.6043613+08:00" testType="13cdc9d9-ddb5-4fa4-a97d-d965ccfc6d4b" outcome="Passed" testListId="8c84fa94-04c1-424b-9868-57a2d4851a1d" relativeResultsDirectory="a3d22a24-0147-46c6-b3e0-1745dde0b31a" />
    <UnitTestResult executionId="0074ee7c-02c8-4d3b-92a3-b533a93caeb3" testId="ff39617b-4cd0-1932-49d9-3951e527cf2e" testName="EmperorPenguin.Tests.ASTRoundTripParseTest.ParseRoundTrip_DeeplyNestedParenthesized" computerName="cachyos" duration="00:00:00.0001282" startTime="2026-06-08T03:44:49.0923471+08:00" endTime="2026-06-08T03:44:49.0923678+08:00" testType="13cdc9d9-ddb5-4fa4-a97d-d965ccfc6d4b" outcome="Passed" testListId="8c84fa94-04c1-424b-9868-57a2d4851a1d" relativeResultsDirectory="0074ee7c-02c8-4d3b-92a3-b533a93caeb3" />
    <UnitTestResult executionId="94e88ee7-7c93-407b-84df-4e3fb203447d" testId="c1358f91-5a5e-1299-b187-9b120bc6df26" testName="EmperorPenguin.Tests.ASTTokenizationTest.TokenizeFloatWithFractionAndExponent" computerName="cachyos" duration="00:00:00.0000376" startTime="2026-06-08T03:44:01.1095796+08:00" endTime="2026-06-08T03:44:01.1096059+08:00" testType="13cdc9d9-ddb5-4fa4-a97d-d965ccfc6d4b" outcome="Passed" testListId="8c84fa94-04c1-424b-9868-57a2d4851a1d" relativeResultsDirectory="94e88ee7-7c93-407b-84df-4e3fb203447d" />
    <UnitTestResult executionId="b923a268-dd98-4d7c-b6e5-2174548df821" testId="1336de70-a7ce-8fe8-43f2-93a5f488845e" testName="EmperorPenguin.Tests.ASTRoundTripParseTest.ParseRoundTrip_CompilationUnitWithInterface" computerName="cachyos" duration="00:00:00.0000256" startTime="2026-06-08T03:44:52.6047477+08:00" endTime="2026-06-08T03:44:52.6047613+08:00" testType="13cdc9d9-ddb5-4fa4-a97d-d965ccfc6d4b" outcome="Passed" testListId="8c84fa94-04c1-424b-9868-57a2d4851a1d" relativeResultsDirectory="b923a268-dd98-4d7c-b6e5-2174548df821" />
    <UnitTestResult executionId="4c5bde0a-618f-4c0a-950c-fcfccca4de7b" testId="42174188-374d-af9c-26b8-17fd101f2d0f" testName="EmperorPenguin.Tests.ASTRoundTripParseTest.ParseRoundTrip_ComplexExpression" computerName="cachyos" duration="00:00:00.0000601" startTime="2026-06-08T03:44:52.6015463+08:00" endTime="2026-06-08T03:44:52.6015758+08:00" testType="13cdc9d9-ddb5-4fa4-a97d-d965ccfc6d4b" outcome="Passed" testListId="8c84fa94-04c1-424b-9868-57a2d4851a1d" relativeResultsDirectory="4c5bde0a-618f-4c0a-950c-fcfccca4de7b" />
    <UnitTestResult executionId="a074db73-8bf2-4697-bc8c-dfd3f192d5ee" testId="71ec96f9-8597-0325-d15c-6a7c67662973" testName="EmperorPenguin.Tests.BoundEnumTest.TestEnumWithPayload" computerName="cachyos" duration="00:00:10.5848959" startTime="2026-06-08T03:43:23.4786535+08:00" endTime="2026-06-08T03:43:34.0638111+08:00" testType="13cdc9d9-ddb5-4fa4-a97d-d965ccfc6d4b" outcome="Passed" testListId="8c84fa94-04c1-424b-9868-57a2d4851a1d" relativeResultsDirectory="a074db73-8bf2-4697-bc8c-dfd3f192d5ee" />
    <UnitTestResult executionId="b90dbbeb-d472-4eed-95f7-40de7019844a" testId="0189cfdd-9dca-a10a-8f7e-f3795f8bc0b5" testName="EmperorPenguin.Tests.ASTRoundTripParseTest.ParseType_NestedGeneric" computerName="cachyos" duration="00:00:00.0000583" startTime="2026-06-08T03:44:52.6038516+08:00" endTime="2026-06-08T03:44:52.6038664+08:00" testType="13cdc9d9-ddb5-4fa4-a97d-d965ccfc6d4b" outcome="Passed" testListId="8c84fa94-04c1-424b-9868-57a2d4851a1d" relativeResultsDirectory="b90dbbeb-d472-4eed-95f7-40de7019844a" />
    <UnitTestResult executionId="c3c2ad07-b31c-45bc-bb68-d6fbf44ccea0" testId="05061d70-685d-2611-532c-59d2ee2b711b" testName="EmperorPenguin.Tests.ASTRoundTripParseTest.Gap_ParseImplFor" computerName="cachyos" duration="00:00:00.0001158" startTime="2026-06-08T03:44:45.7204312+08:00" endTime="2026-06-08T03:44:45.7204492+08:00" testType="13cdc9d9-ddb5-4fa4-a97d-d965ccfc6d4b" outcome="Passed" testListId="8c84fa94-04c1-424b-9868-57a2d4851a1d" relativeResultsDirectory="c3c2ad07-b31c-45bc-bb68-d6fbf44ccea0" />
    <UnitTestResult executionId="331b7436-ddfa-4ff4-8768-098367302e4a" testId="62122e1a-8ab0-401e-7cf3-8058c9de021d" testName="EmperorPenguin.Tests.BoundTreeInterfaceImplTest.ImplForVTableSlotSourceTest" computerName="cachyos" duration="00:00:00.0000282" startTime="2026-06-08T03:41:26.4910939+08:00" endTime="2026-06-08T03:41:26.4911087+08:00" testType="13cdc9d9-ddb5-4fa4-a97d-d965ccfc6d4b" outcome="Passed" testListId="8c84fa94-04c1-424b-9868-57a2d4851a1d" relativeResultsDirectory="331b7436-ddfa-4ff4-8768-098367302e4a" />
    <UnitTestResult executionId="113ebe70-e649-4c78-a502-fb8abe91fc82" testId="3e6a8247-4f74-7125-fc68-062d332ce176" testName="EmperorPenguin.Tests.LLVMTest.TestLLVMFunctionCall" computerName="cachyos" duration="00:00:00.0001151" startTime="2026-06-08T03:44:21.9228230+08:00" endTime="2026-06-08T03:44:21.9229247+08:00" testType="13cdc9d9-ddb5-4fa4-a97d-d965ccfc6d4b" outcome="Passed" testListId="8c84fa94-04c1-424b-9868-57a2d4851a1d" relativeResultsDirectory="113ebe70-e649-4c78-a502-fb8abe91fc82" />
    <UnitTestResult executionId="42395fe0-93ec-4823-a686-8c3e3abb91ab" testId="696dd61e-c8ac-8253-3dc0-ff628e7df855" testName="EmperorPenguin.Tests.BoundTreeExpressionTest.LetWhileReturnTest" computerName="cachyos" duration="00:00:00.0000777" startTime="2026-06-08T03:44:35.6738969+08:00" endTime="2026-06-08T03:44:35.6739291+08:00" testType="13cdc9d9-ddb5-4fa4-a97d-d965ccfc6d4b" outcome="Passed" testListId="8c84fa94-04c1-424b-9868-57a2d4851a1d" relativeResultsDirectory="42395fe0-93ec-4823-a686-8c3e3abb91ab" />
    <UnitTestResult executionId="5901c756-e0cb-4911-8148-41eee2d142c0" testId="3efe4542-ea36-9485-c1ed-7e0b3a958b93" testName="EmperorPenguin.Tests.IRBasicTest.TestCodeBlockTrailingExpr" computerName="cachyos" duration="00:00:00.0000659" startTime="2026-06-08T03:41:15.5609524+08:00" endTime="2026-06-08T03:41:15.5609661+08:00" testType="13cdc9d9-ddb5-4fa4-a97d-d965ccfc6d4b" outcome="Passed" testListId="8c84fa94-04c1-424b-9868-57a2d4851a1d" relativeResultsDirectory="5901c756-e0cb-4911-8148-41eee2d142c0" />
    <UnitTestResult executionId="cea24191-cdd0-436a-be56-41bc8637ef31" testId="8dc8f83d-1d99-f684-ac0c-ab1d07053917" testName="EmperorPenguin.Tests.ASTBuildTextTest.AST_TemplateParameterAndDeclaration_BuildText" computerName="cachyos" duration="00:00:00.0000212" startTime="2026-06-08T03:40:43.5495597+08:00" endTime="2026-06-08T03:40:43.5496064+08:00" testType="13cdc9d9-ddb5-4fa4-a97d-d965ccfc6d4b" outcome="Passed" testListId="8c84fa94-04c1-424b-9868-57a2d4851a1d" relativeResultsDirectory="cea24191-cdd0-436a-be56-41bc8637ef31" />
    <UnitTestResult executionId="3ed0fb43-f478-4e50-a6ff-55c29d203c0b" testId="b9815907-0172-43dd-549f-34e93f371843" testName="EmperorPenguin.Tests.BoundTreeInterfaceImplTest.ClassImplInterfaceCountTest" computerName="cachyos" duration="00:00:00.0000446" startTime="2026-06-08T03:41:26.4910429+08:00" endTime="2026-06-08T03:41:26.4910581+08:00" testType="13cdc9d9-ddb5-4fa4-a97d-d965ccfc6d4b" outcome="Passed" testListId="8c84fa94-04c1-424b-9868-57a2d4851a1d" relativeResultsDirectory="3ed0fb43-f478-4e50-a6ff-55c29d203c0b" />
    <UnitTestResult executionId="eaeb83a5-e49a-475e-bc66-c13ab6b732ab" testId="d8a17fe6-ee5e-8204-1dee-907118529fa9" testName="EmperorPenguin.Tests.BoundTreeInterfaceImplTest.ImplForInNamespaceSlotSourceTest" computerName="cachyos" duration="00:00:00.0000229" startTime="2026-06-08T03:41:26.4911496+08:00" endTime="2026-06-08T03:41:26.4911640+08:00" testType="13cdc9d9-ddb5-4fa4-a97d-d965ccfc6d4b" outcome="Passed" testListId="8c84fa94-04c1-424b-9868-57a2d4851a1d" relativeResultsDirectory="eaeb83a5-e49a-475e-bc66-c13ab6b732ab" />
    <UnitTestResult executionId="d27b4f4c-85f2-4874-be1f-b30ee4ec6dcc" testId="1cbae3b3-dcde-c95a-85ef-ef9a1c96651b" testName="EmperorPenguin.Tests.ASTRoundTripParseTest.ParseDef_EventWithTyped" computerName="cachyos" duration="00:00:00.0000190" startTime="2026-06-08T03:44:52.6043926+08:00" endTime="2026-06-08T03:44:52.6044080+08:00" testType="13cdc9d9-ddb5-4fa4-a97d-d965ccfc6d4b" outcome="Passed" testListId="8c84fa94-04c1-424b-9868-57a2d4851a1d" relativeResultsDirectory="d27b4f4c-85f2-4874-be1f-b30ee4ec6dcc" />
    <UnitTestResult executionId="ebdd8efa-cf05-428a-8d6c-9d2a0316911e" testId="588b5470-a734-8799-21cf-6217a9f65a0a" testName="EmperorPenguin.Tests.EndToEndBasicTest.WhileSum" computerName="cachyos" duration="00:00:00.0000363" startTime="2026-06-08T03:54:38.5673024+08:00" endTime="2026-06-08T03:54:38.5673601+08:00" testType="13cdc9d9-ddb5-4fa4-a97d-d965ccfc6d4b" outcome="Passed" testListId="8c84fa94-04c1-424b-9868-57a2d4851a1d" relativeResultsDirectory="ebdd8efa-cf05-428a-8d6c-9d2a0316911e" />
    <UnitTestResult executionId="bcc16e70-d871-4f94-abad-cfaef3094729" testId="c1f00718-4ff9-400e-e901-302adf1cee1b" testName="EmperorPenguin.Tests.BoundTreeBuildScopeTest.BindFunctionTest" computerName="cachyos" duration="00:00:11.7503302" startTime="2026-06-08T03:44:52.6059891+08:00" endTime="2026-06-08T03:45:04.3555067+08:00" testType="13cdc9d9-ddb5-4fa4-a97d-d965ccfc6d4b" outcome="Passed" testListId="8c84fa94-04c1-424b-9868-57a2d4851a1d" relativeResultsDirectory="bcc16e70-d871-4f94-abad-cfaef3094729" />
    <UnitTestResult executionId="4eb91469-c455-4286-b51c-3e623e3542b8" testId="04be3d28-8932-1a31-a047-ef342362739c" testName="EmperorPenguin.Tests.ASTBuildTextTest.AST_FunctionDefinition_WithNotAsync_BuildText" computerName="cachyos" duration="00:00:00.0000738" startTime="2026-06-08T03:40:43.5449730+08:00" endTime="2026-06-08T03:40:43.5450166+08:00" testType="13cdc9d9-ddb5-4fa4-a97d-d965ccfc6d4b" outcome="Passed" testListId="8c84fa94-04c1-424b-9868-57a2d4851a1d" relativeResultsDirectory="4eb91469-c455-4286-b51c-3e623e3542b8" />
    <UnitTestResult executionId="929776f1-e897-4e5b-bd5a-fa79dbed60e9" testId="086d5eb6-6f31-f4a1-c490-f862d5d39dbc" testName="EmperorPenguin.Tests.ASTTokenizationTest.TokenizeFloatWithSuffix" computerName="cachyos" duration="00:00:00.0000480" startTime="2026-06-08T03:44:01.1092309+08:00" endTime="2026-06-08T03:44:01.1092592+08:00" testType="13cdc9d9-ddb5-4fa4-a97d-d965ccfc6d4b" outcome="Passed" testListId="8c84fa94-04c1-424b-9868-57a2d4851a1d" relativeResultsDirectory="929776f1-e897-4e5b-bd5a-fa79dbed60e9" />
    <UnitTestResult executionId="94d57c54-0b70-47eb-b9dd-2bcd16080ebf" testId="40250777-b81f-af7a-1930-5a2737323ba9" testName="EmperorPenguin.Tests.ASTBuildTextTest.AST_CompilationUnit_BuildText" computerName="cachyos" duration="00:00:00.0000240" startTime="2026-06-08T03:40:43.5458719+08:00" endTime="2026-06-08T03:40:43.5459246+08:00" testType="13cdc9d9-ddb5-4fa4-a97d-d965ccfc6d4b" outcome="Passed" testListId="8c84fa94-04c1-424b-9868-57a2d4851a1d" relativeResultsDirectory="94d57c54-0b70-47eb-b9dd-2bcd16080ebf" />
    <UnitTestResult executionId="3ca3cba8-fedf-4ce2-92d6-0e2f1dca78ee" testId="1a36e23b-5405-f1d1-3b2f-dd71b6037f1f" testName="EmperorPenguin.Tests.EndToEndInterfaceTest.ValueTypeUnboxing" computerName="cachyos" duration="00:00:00.0001135" startTime="2026-06-08T03:46:59.8904315+08:00" endTime="2026-06-08T03:46:59.8904813+08:00" testType="13cdc9d9-ddb5-4fa4-a97d-d965ccfc6d4b" outcome="Passed" testListId="8c84fa94-04c1-424b-9868-57a2d4851a1d" relativeResultsDirectory="3ca3cba8-fedf-4ce2-92d6-0e2f1dca78ee" />
    <UnitTestResult executionId="607c9990-8e2c-4042-9a64-804718306f73" testId="b431cd7b-4717-7d9a-2300-087c0508f464" testName="EmperorPenguin.Tests.ASTBuildTextTest.AST_CodeBlockExpression_BuildText" computerName="cachyos" duration="00:00:00.0000180" startTime="2026-06-08T03:40:43.5620771+08:00" endTime="2026-06-08T03:40:43.5621213+08:00" testType="13cdc9d9-ddb5-4fa4-a97d-d965ccfc6d4b" outcome="Passed" testListId="8c84fa94-04c1-424b-9868-57a2d4851a1d" relativeResultsDirectory="607c9990-8e2c-4042-9a64-804718306f73" />
    <UnitTestResult executionId="15fdbd1c-bb22-4a29-a1d3-2546ad0eca2b" testId="292b834e-b9e3-593e-d49c-f6f43691a070" testName="EmperorPenguin.Tests.LLVMTest.TestLLVMEnumBranching" computerName="cachyos" duration="00:00:00.0001347" startTime="2026-06-08T03:44:21.9216844+08:00" endTime="2026-06-08T03:44:21.9217999+08:00" testType="13cdc9d9-ddb5-4fa4-a97d-d965ccfc6d4b" outcome="Passed" testListId="8c84fa94-04c1-424b-9868-57a2d4851a1d" relativeResultsDirectory="15fdbd1c-bb22-4a29-a1d3-2546ad0eca2b" />
    <UnitTestResult executionId="b2ae2180-4d29-48ee-ac0b-bf8b913461c7" testId="a576c3c9-fbb4-dc4b-547e-d5fdd83b16d2" testName="EmperorPenguin.Tests.ASTBuildTextTest.AST_Parameter_WithThis_BuildText" computerName="cachyos" duration="00:00:00.0000184" startTime="2026-06-08T03:40:43.5625732+08:00" endTime="2026-06-08T03:40:43.5626131+08:00" testType="13cdc9d9-ddb5-4fa4-a97d-d965ccfc6d4b" outcome="Passed" testListId="8c84fa94-04c1-424b-9868-57a2d4851a1d" relativeResultsDirectory="b2ae2180-4d29-48ee-ac0b-bf8b913461c7" />
    <UnitTestResult executionId="3da6ba8f-786b-40a9-8ea8-e0afe19de85e" testId="941363c1-18c5-f2ca-98da-c9641a4a1ef2" testName="EmperorPenguin.Tests.IRBasicTest.TestIRCallVoidVariant" computerName="cachyos" duration="00:00:00.0000338" startTime="2026-06-08T03:41:15.5613401+08:00" endTime="2026-06-08T03:41:15.5613539+08:00" testType="13cdc9d9-ddb5-4fa4-a97d-d965ccfc6d4b" outcome="Passed" testListId="8c84fa94-04c1-424b-9868-57a2d4851a1d" relativeResultsDirectory="3da6ba8f-786b-40a9-8ea8-e0afe19de85e" />
    <UnitTestResult executionId="7b1c0418-eec1-450c-835e-19cccdea9e2a" testId="63291c38-0460-a7e3-2cdf-feeedc6c03ed" testName="EmperorPenguin.Tests.IRBasicTest.TestIdentifier" computerName="cachyos" duration="00:00:00.0000383" startTime="2026-06-08T03:41:15.5574944+08:00" endTime="2026-06-08T03:41:15.5575139+08:00" testType="13cdc9d9-ddb5-4fa4-a97d-d965ccfc6d4b" outcome="Passed" testListId="8c84fa94-04c1-424b-9868-57a2d4851a1d" relativeResultsDirectory="7b1c0418-eec1-450c-835e-19cccdea9e2a" />
    <UnitTestResult executionId="d038fba7-8640-47aa-8c42-400783b39bf8" testId="bc1dfa63-2c79-df4b-d390-5e94973437a3" testName="EmperorPenguin.Tests.EndToEndBasicTest.RecursiveFibonacci" computerName="cachyos" duration="00:00:00.0000183" startTime="2026-06-08T03:55:02.7782352+08:00" endTime="2026-06-08T03:55:02.7782685+08:00" testType="13cdc9d9-ddb5-4fa4-a97d-d965ccfc6d4b" outcome="Passed" testListId="8c84fa94-04c1-424b-9868-57a2d4851a1d" relativeResultsDirectory="d038fba7-8640-47aa-8c42-400783b39bf8" />
    <UnitTestResult executionId="8a4f05f0-6968-4134-a25b-f7f671e28c6a" testId="fbead44c-b220-3cda-a692-40576784a23d" testName="EmperorPenguin.Tests.BoundTreeResolveTypeTest.FunctionSymbolBoundTypeTest" computerName="cachyos" duration="00:00:00.0000278" startTime="2026-06-08T03:40:39.2746655+08:00" endTime="2026-06-08T03:40:39.2746986+08:00" testType="13cdc9d9-ddb5-4fa4-a97d-d965ccfc6d4b" outcome="Passed" testListId="8c84fa94-04c1-424b-9868-57a2d4851a1d" relativeResultsDirectory="8a4f05f0-6968-4134-a25b-f7f671e28c6a" />
    <UnitTestResult executionId="8f8f49cf-9d20-45e6-a400-a20a800c29cf" testId="1f5832ef-9bc1-dd7a-039e-2528b81ba859" testName="EmperorPenguin.Tests.BoundTreeExpressionTest.UnaryExpressionTypeTest" computerName="cachyos" duration="00:00:00.0000194" startTime="2026-06-08T03:44:35.6759270+08:00" endTime="2026-06-08T03:44:35.6759531+08:00" testType="13cdc9d9-ddb5-4fa4-a97d-d965ccfc6d4b" outcome="Passed" testListId="8c84fa94-04c1-424b-9868-57a2d4851a1d" relativeResultsDirectory="8f8f49cf-9d20-45e6-a400-a20a800c29cf" />
    <UnitTestResult executionId="a5ca012e-0709-4765-8267-1a7812c5a7bc" testId="c94979c6-8e83-2fc8-8e0b-69564edb5aca" testName="EmperorPenguin.Tests.IRBasicTest.TestContinue" computerName="cachyos" duration="00:00:00.0000344" startTime="2026-06-08T03:41:15.5608881+08:00" endTime="2026-06-08T03:41:15.5609076+08:00" testType="13cdc9d9-ddb5-4fa4-a97d-d965ccfc6d4b" outcome="Passed" testListId="8c84fa94-04c1-424b-9868-57a2d4851a1d" relativeResultsDirectory="a5ca012e-0709-4765-8267-1a7812c5a7bc" />
    <UnitTestResult executionId="3f0f897e-b0a6-4948-8c99-cf13ef106189" testId="d1d977ac-0eb0-580e-b6b1-84e4cc867b62" testName="EmperorPenguin.Tests.BoundTreeBuildScopeTest.BindEnumScopeLookupTest" computerName="cachyos" duration="00:00:00.0000277" startTime="2026-06-08T03:45:04.3563763+08:00" endTime="2026-06-08T03:45:04.3563891+08:00" testType="13cdc9d9-ddb5-4fa4-a97d-d965ccfc6d4b" outcome="Passed" testListId="8c84fa94-04c1-424b-9868-57a2d4851a1d" relativeResultsDirectory="3f0f897e-b0a6-4948-8c99-cf13ef106189" />
    <UnitTestResult executionId="fbdb98c6-5534-4a50-95bf-29b00ea05e04" testId="cb377980-cf67-eda0-6b8d-ee42fce029fd" testName="EmperorPenguin.Tests.BoundEnumTest.TestEnumDefinition" computerName="cachyos" duration="00:00:00.0000635" startTime="2026-06-08T03:43:34.0640976+08:00" endTime="2026-06-08T03:43:34.0641107+08:00" testType="13cdc9d9-ddb5-4fa4-a97d-d965ccfc6d4b" outcome="Passed" testListId="8c84fa94-04c1-424b-9868-57a2d4851a1d" relativeResultsDirectory="fbdb98c6-5534-4a50-95bf-29b00ea05e04" />
    <UnitTestResult executionId="938b46a5-f580-4fc0-91fe-2701aef636ae" testId="7a5d49c2-75f4-1048-a693-ce7c4b242b08" testName="EmperorPenguin.Tests.ASTTokenizationTest.TokenizeCharacterConstant" computerName="cachyos" duration="00:00:00.0000314" startTime="2026-06-08T03:44:01.1105895+08:00" endTime="2026-06-08T03:44:01.1106170+08:00" testType="13cdc9d9-ddb5-4fa4-a97d-d965ccfc6d4b" outcome="Passed" testListId="8c84fa94-04c1-424b-9868-57a2d4851a1d" relativeResultsDirectory="938b46a5-f580-4fc0-91fe-2701aef636ae" />
[...]
[xUnit.net 00:04:11.22]            at System.RuntimeMethodHandle.InvokeMethod(ObjectHandleOnStack target, Void** arguments, ObjectHandleOnStack sig, BOOL isConstructor, ObjectHandleOnStack result)
[xUnit.net 00:04:11.22]            at System.Reflection.MethodBaseInvoker.InterpretedInvoke_Method(Object obj, IntPtr* args)
[xUnit.net 00:04:11.22]            at System.Reflection.RuntimeMethodInfo.Invoke(Object obj, BindingFlags invokeAttr, Binder binder, Object[] parameters, CultureInfo culture)
@@ParseRoundTrip_Parenthesized@@(1 + 2)
@@ParseRoundTrip_DeeplyNestedParenthesized@@((1 + 2))
@@ParseRoundTrip_ParenthesizedSingleValue@@(42)
@@ParseRoundTrip_CastExpression@@cast&lt;i64&gt;(x)
@@ParseRoundTrip_CastWithExpression@@cast&lt;f64&gt;(1 + 2)
@@ParseRoundTrip_CastWithParenthesized@@cast&lt;i64&gt;((1 + 2))
@@ParseRoundTrip_BoolTrue@@true
@@ParseRoundTrip_BoolFalse@@false
@@ParseRoundTrip_BinaryAdd@@1 + 2
@@ParseRoundTrip_BinarySubtract@@5 - 3
@@ParseRoundTrip_BinaryMultiply@@2 * 3
@@ParseRoundTrip_BinaryDivide@@10 / 3
@@ParseRoundTrip_BinaryModulo@@10 % 3
@@ParseRoundTrip_BinaryGreaterThan@@x &gt; 10
@@ParseRoundTrip_BinaryLessThan@@x &lt; 10
@@ParseRoundTrip_BinaryLessEqual@@x &lt;= 10
@@ParseRoundTrip_BinaryGreaterEqual@@x &gt;= 10
@@ParseRoundTrip_BinaryEqual@@x == y
@@ParseRoundTrip_BinaryNotEqual@@x != y
@@ParseRoundTrip_BinaryLogicalAnd@@a &amp;&amp; b
@@ParseRoundTrip_BinaryLogicalOr@@a || b
@@ParseRoundTrip_BinaryBitwiseAnd@@a &amp; b
@@ParseRoundTrip_BinaryBitwiseOr@@a | b
@@ParseRoundTrip_BinaryBitwiseXor@@a ^ b
@@ParseRoundTrip_BinaryIs@@x is y
@@ParseRoundTrip_UnaryNegate@@-x
@@ParseRoundTrip_UnaryNot@@!x
@@ParseRoundTrip_UnaryBitwiseNot@@~x
@@ParseRoundTrip_UnaryNegateComplex@@-(1 + 2)
@@ParseRoundTrip_UnaryNotComplex@@!(x == 1)
@@ParseRoundTrip_DoubleNegate@@--x
@@ParseRoundTrip_MemberAccess@@a.b
@@ParseRoundTrip_ChainedMemberAccess@@a.b.c
@@ParseRoundTrip_FunctionCallNoArgs@@f()
@@ParseRoundTrip_FunctionCallOneArg@@f(1)
@@ParseRoundTrip_FunctionCallMultipleArgs@@f(1, 2, 3)
@@ParseRoundTrip_ChainedMemberThenCall@@a.b.c(1)
@@ParseRoundTrip_CallThenMemberThenCall@@f(1).g(2)
@@ParseRoundTrip_ChainedAddition@@1 + 2 + 3 + 4
@@ParseRoundTrip_MixedPrecedence@@1 + 2 * 3
@@ParseRoundTrip_ComplexPrecedence@@1 + 2 * 3 - 4 / 5
@@ParseRoundTrip_IfNoElse@@if (1) { 2 }
@@ParseRoundTrip_IfWithElse@@if (1) { 2 } else { 3 }
@@ParseRoundTrip_IfWithComplexCondition@@if (a &amp;&amp; b) { 1 } else { 0 }
@@ParseRoundTrip_WhileSimple@@while (x) { 42 }
@@ParseRoundTrip_WhileWithCondition@@while (x &gt; 0) { 42 }
@@ParseRoundTrip_CodeBlockEmpty@@{ }
@@ParseRoundTrip_CodeBlockStatements@@{ 1; 2; 3 }
@@ParseRoundTrip_CodeBlockStatementsOnly@@{ 1; 2; 3; 4 }
@@ParseRoundTrip_CodeBlockWithIfAndTrailingExpr@@{ if (1) { 2 }; 3 }
@@ParseRoundTrip_CodeBlockWithMultipleIfs@@{ if (a) { 1 }; if (b) { 2 }; }
@@ParseRoundTrip_CodeBlockWithMultipleWhiles@@{ while (x) { 1 } while (y) { 2 } }
@@ParseRoundTrip_NestedWhileIf@@while (x) { if (1) { 2 }; }
@@ParseRoundTrip_NestedIfInCodeBlock@@{ if (1) { 2 }; 3 }
@@ParseRoundTrip_WhileWithBinaryCondition@@while (x &gt; 0 &amp;&amp; x &lt; 100) { x }
@@ParseRoundTrip_IfElseNestedCodeBlocks@@if (a) { if (b) { 1 }; } else { 2 }
@@ParseRoundTrip_CodeBlockWithIfAndWhile@@{ if (1) { 2 }; while (x) { 3 } 4 }
@@ParseRoundTrip_ComplexBinaryAllLevels@@a || b &amp;&amp; c | d ^ e &amp; f == g != h &lt; i &gt; j + k - l * m / n
@@ParseRoundTrip_ComplexExpression@@-a + b.c(1) * 3
@@ParseRoundTrip_ParenthesizedWithBinary@@(1 + 2) * (3 - 4)
@@ParseRoundTrip_CastInsideBinary@@cast&lt;i64&gt;(x) + 1
@@ParseRoundTrip_UnaryWithMemberAccess@@-a.b
@@ParseType_ListGeneric@@List&lt;i64&gt;
@@ParseType_MultipleGenericArgs@@Map&lt;i64, string&gt;
@@ParseType_NestedGeneric@@List&lt;List&lt;i64&gt;&gt;
@@ParseType_Mutable@@mut i64
@@ParseType_Qualified@@foo.bar.Baz
@@ParseLambda_WithTypedParam@@fun(x: i64) { 42 }
@@ParseLambda_WithMultipleParams@@fun(x: i64, y: string) { 42 }
@@ParseLambda_NoParams@@fun() { 42 }
@@ParseLambda_WithReturnType@@fun(x: i64) -&gt; i64 { x }
@@ParseLambda_WithStringReturnType@@fun() -&gt; string { "hello" }
@@ParseStatement_Let@@let x = 1;
@@ParseStatement_LetWithType@@let x: i64 = 42;
@@ParseStatement_LetMut@@let mut y = 1 + 2;
@@ParseStatement_Expression@@f(1);
@@ParseStatement_Assignment@@x = 42;
@@ParseStatement_ReturnWithValue@@return 42;
@@ParseStatement_ReturnVoid@@return;
@@ParseStatement_Break@@break;
@@ParseStatement_Continue@@continue;
@@ParseStatement_If@@if (x) { 1 }; else { 2 };
@@ParseStatement_While@@while (x &gt; 0) { x = x - 1; };
@@ParseStatement_For@@for (let item in items) { f(item); };
@@ParseDef_InitialRoutine@@initial { 42 }
@@ParseDef_FunctionDefinition@@fun hello() { 1 }
@@ParseDef_FunctionWithParamsAndReturn@@fun add(x: i64, y: i64) -&gt; i64 { x }
@@ParseDef_FunctionWithThisParam@@fun hello(mut this) { 1 }
@@ParseDef_AsyncFunction@@async fun compute() -&gt; i64 { 42 }
@@ParseDef_ClassDefinition@@class Foo{ x; }
@@ParseDef_EnumDefinition@@enum Color{ Red; Green; Blue; }
@@ParseDef_NamespaceDefinition@@namespace foo{ initial { 42 } }
@@ParseExpr_LambdaNoParams@@fun() { 42 }
@@ParseExpr_NewExpression@@new Foo()
@@ParseExpr_AsyncExpression@@async f(1)
@@ParseExpr_WaitExpression@@wait x
@@ParseDef_InterfaceDefinition@@interface IPrintable{ fun print(); }
@@ParseDef_InterfaceWithEvent@@interface IEvents{ event Click; fun onClick(); }
@@ParseDef_ImplDirect@@impl Foo;
@@ParseDef_ImplFor@@impl Foo for IBar { fun hello() { 1 } }
@@ParseDef_EventDefinition@@event Click;
@@ParseDef_EventWithTyped@@event Click: i64;
@@ParseDef_OnRoutine@@on click { 42 }
@@ParseDef_OnRoutineWithParam@@on click { 42 }
@@ParseRoundTrip_FullProgram@@namespace app{ fun main() { 42 } }
@@ParseRoundTrip_ClassWithImpl@@class Foo{ fun hello() { 1 } }
@@ParseRoundTrip_CompilationUnitWithInterface@@interface IFoo{ fun bar(); } initial { 42 }
@@ParseRoundTrip_YieldStatement@@namespace test{ pure async fun compute() -&gt; i64 { yield 42; } }
@@ParseRoundTrip_SignalStatement@@on event.click { __signal e ; }
@@ParseRoundTrip_FunctionWithSpecifiers@@pure async fun compute() -&gt; i64 { 42 }
@@ParseRoundTrip_TemplateClass@@class Container{ fun new(mut this) { } }
@@ParseRoundTrip_EnumWithTypedMembers@@enum Result{ Ok: i64; Err: string; }
@@ParseRoundTrip_ImplWithWhere@@impl Comparable for MyType where (T) { fun compare() { } }
@@ParseRoundTrip_OnDottedEvent@@on event.click { 42 }
@@ParseRoundTrip_TypeReference@@type MyInt = i64; initial { 42 }
@@ParseRoundTrip_FullProgramWithClass@@namespace app{ class Foo{ fun new(mut this) { } fun get() -&gt; i64 { 42 } } }
@@Gap_ParseNamespaceWithFunction@@namespace test{ fun main() { let x: i64 = 42; } }
@@Gap_ParseImplFor@@impl IFoo for Bar { fun baz() { } }
@@Gap_ParseTypeReference@@type MyInt = mut i64; initial { 42 }
@@Gap_ParseForStatement@@initial { for (let i in 0..10) { f(i); }; }
@@Gap_ParseTemplateDeclaration@@#template(T: type) class Container{ value: auto T; }
@@Gap_ParseInterfaceWithMembers@@interface IPrintable{ fun print(); }
@@Gap_ParseComplexExpression@@initial { let x: i64 = (1 + 2) * 3 - 4 / 2; }
@@ParseFullProgram_FunctionWithTypedParams@@namespace app{ fun add(x: i64, y: i64) -&gt; i64 { x } }
@@ParseFullProgram_FunctionWithThisParam@@class Foo{ fun new(mut this) { } fun get() -&gt; i64 { 42 } }
[xUnit.net 00:04:17.91]       Assert.Equal() Failure: Strings differ
[xUnit.net 00:04:17.91]                                ↓ (pos 14)
[xUnit.net 00:04:17.91]       Expected: "{ if (1) { 2 } 3 }"
[xUnit.net 00:04:17.91]       Actual:   "{ if (1) { 2 }; 3 }"
[xUnit.net 00:04:17.91]                                ↑ (pos 14)
[xUnit.net 00:04:17.91]       Stack Trace:
[xUnit.net 00:04:17.91]         /home/cauly/Workspace/penguinlang/EmperorPenguin.Tests/BatchCompiler.cs(52,0): at EmperorPenguin.Tests.BatchResults.Assert(String name)
[xUnit.net 00:04:17.91]         /home/cauly/Workspace/penguinlang/EmperorPenguin.Tests/ASTRoundTripParseTest.cs(280,0): at EmperorPenguin.Tests.ASTRoundTripParseTest.ParseRoundTrip_NestedIfInCodeBlock()
[xUnit.net 00:04:17.91]            at System.RuntimeMethodHandle.InvokeMethod(ObjectHandleOnStack target, Void** arguments, ObjectHandleOnStack sig, BOOL isConstructor, ObjectHandleOnStack result)
[xUnit.net 00:04:17.91]            at System.RuntimeMethodHandle.InvokeMethod(ObjectHandleOnStack target, Void** arguments, ObjectHandleOnStack sig, BOOL isConstructor, ObjectHandleOnStack result)
[xUnit.net 00:04:17.91]            at System.Reflection.MethodBaseInvoker.InterpretedInvoke_Method(Object obj, IntPtr* args)
[xUnit.net 00:04:17.91]            at System.Reflection.RuntimeMethodInfo.Invoke(Object obj, BindingFlags invokeAttr, Binder binder, Object[] parameters, CultureInfo culture)
[xUnit.net 00:04:17.91]       Assert.Equal() Failure: Strings differ
[xUnit.net 00:04:17.91]                                ↓ (pos 14)
[xUnit.net 00:04:17.91]       Expected: "{ if (1) { 2 } while (x) { 3 } 4 }"
[xUnit.net 00:04:17.91]       Actual:   "{ if (1) { 2 }; while (x) { 3 } 4 }"
[xUnit.net 00:04:17.91]                                ↑ (pos 14)
[xUnit.net 00:04:17.91]       Stack Trace:
[xUnit.net 00:04:17.91]         /home/cauly/Workspace/penguinlang/EmperorPenguin.Tests/BatchCompiler.cs(52,0): at EmperorPenguin.Tests.BatchResults.Assert(String name)
[xUnit.net 00:04:17.91]         /home/cauly/Workspace/penguinlang/EmperorPenguin.Tests/ASTRoundTripParseTest.cs(292,0): at EmperorPenguin.Tests.ASTRoundTripParseTest.ParseRoundTrip_CodeBlockWithIfAndWhile()
[xUnit.net 00:04:17.91]            at System.RuntimeMethodHandle.InvokeMethod(ObjectHandleOnStack target, Void** arguments, ObjectHandleOnStack sig, BOOL isConstructor, ObjectHandleOnStack result)
[xUnit.net 00:04:17.91]            at System.RuntimeMethodHandle.InvokeMethod(ObjectHandleOnStack target, Void** arguments, ObjectHandleOnStack sig, BOOL isConstructor, ObjectHandleOnStack result)
[xUnit.net 00:04:17.91]            at System.Reflection.MethodBaseInvoker.InterpretedInvoke_Method(Object obj, IntPtr* args)
[xUnit.net 00:04:17.91]            at System.Reflection.RuntimeMethodInfo.Invoke(Object obj, BindingFlags invokeAttr, Binder binder, Object[] parameters, CultureInfo culture)
initial { let x: List&lt;i64&gt; = new List&lt;i64&gt;(); }
Expected LParen but got Token(Semicolon, ";") at :1:17
Expected RParen but got Token(EOF, "") at :1:18
Expected Semicolon but got Token(EOF, "") at :0:0
emit obj.click()();
[xUnit.net 00:04:24.64]       Assert.Equal() Failure: Strings differ
[xUnit.net 00:04:24.64]                                       ↓ (pos 21)
[xUnit.net 00:04:24.64]       Expected: "if (a) { if (b) { 1 } } else { 2 }"
[xUnit.net 00:04:24.64]       Actual:   "if (a) { if (b) { 1 }; } else { 2 }"
[xUnit.net 00:04:24.64]                                       ↑ (pos 21)
[xUnit.net 00:04:24.64]       Stack Trace:
[xUnit.net 00:04:24.64]         /home/cauly/Workspace/penguinlang/EmperorPenguin.Tests/BatchCompiler.cs(52,0): at EmperorPenguin.Tests.BatchResults.Assert(String name)
[xUnit.net 00:04:24.64]         /home/cauly/Workspace/penguinlang/EmperorPenguin.Tests/ASTRoundTripParseTest.cs(288,0): at EmperorPenguin.Tests.ASTRoundTripParseTest.ParseRoundTrip_IfElseNestedCodeBlocks()
[xUnit.net 00:04:24.64]            at System.RuntimeMethodHandle.InvokeMethod(ObjectHandleOnStack target, Void** arguments, ObjectHandleOnStack sig, BOOL isConstructor, ObjectHandleOnStack result)
[xUnit.net 00:04:24.64]            at System.RuntimeMethodHandle.InvokeMethod(ObjectHandleOnStack target, Void** arguments, ObjectHandleOnStack sig, BOOL isConstructor, ObjectHandleOnStack result)
[xUnit.net 00:04:24.64]            at System.Reflection.MethodBaseInvoker.InterpretedInvoke_Method(Object obj, IntPtr* args)
[xUnit.net 00:04:24.64]            at System.Reflection.RuntimeMethodInfo.Invoke(Object obj, BindingFlags invokeAttr, Binder binder, Object[] parameters, CultureInfo culture)
Expected LParen but got Token(Semicolon, ";") at :1:19
Expected RParen but got Token(EOF, "") at :1:20
Expected Semicolon but got Token(EOF, "") at :0:0
emit obj.click(42)();
[xUnit.net 00:04:28.15]       Assert.Equal() Failure: Strings differ
[xUnit.net 00:04:28.15]                                ↓ (pos 14)
[xUnit.net 00:04:28.15]       Expected: "{ if (1) { 2 } 3 }"
[xUnit.net 00:04:28.15]       Actual:   "{ if (1) { 2 }; 3 }"
[xUnit.net 00:04:28.15]                                ↑ (pos 14)
[xUnit.net 00:04:28.15]       Stack Trace:
[xUnit.net 00:04:28.15]         /home/cauly/Workspace/penguinlang/EmperorPenguin.Tests/BatchCompiler.cs(52,0): at EmperorPenguin.Tests.BatchResults.Assert(String name)
[xUnit.net 00:04:28.15]         /home/cauly/Workspace/penguinlang/EmperorPenguin.Tests/ASTRoundTripParseTest.cs(262,0): at EmperorPenguin.Tests.ASTRoundTripParseTest.ParseRoundTrip_CodeBlockWithIfAndTrailingExpr()
[xUnit.net 00:04:28.15]            at System.RuntimeMethodHandle.InvokeMethod(ObjectHandleOnStack target, Void** arguments, ObjectHandleOnStack sig, BOOL isConstructor, ObjectHandleOnStack result)
[xUnit.net 00:04:28.15]            at System.RuntimeMethodHandle.InvokeMethod(ObjectHandleOnStack target, Void** arguments, ObjectHandleOnStack sig, BOOL isConstructor, ObjectHandleOnStack result)
[xUnit.net 00:04:28.15]            at System.Reflection.MethodBaseInvoker.InterpretedInvoke_Method(Object obj, IntPtr* args)
[xUnit.net 00:04:28.15]            at System.Reflection.RuntimeMethodInfo.Invoke(Object obj, BindingFlags invokeAttr, Binder binder, Object[] parameters, CultureInfo culture)
[xUnit.net 00:04:28.15]       Assert.Equal() Failure: Strings differ
[xUnit.net 00:04:28.15]                                ↓ (pos 14)
[xUnit.net 00:04:28.15]       Expected: "{ if (a) { 1 } if (b) { 2 } }"
[xUnit.net 00:04:28.15]       Actual:   "{ if (a) { 1 }; if (b) { 2 }; }"
[xUnit.net 00:04:28.15]                                ↑ (pos 14)
[xUnit.net 00:04:28.15]       Stack Trace:
[xUnit.net 00:04:28.15]         /home/cauly/Workspace/penguinlang/EmperorPenguin.Tests/BatchCompiler.cs(52,0): at EmperorPenguin.Tests.BatchResults.Assert(String name)
[xUnit.net 00:04:28.15]         /home/cauly/Workspace/penguinlang/EmperorPenguin.Tests/ASTRoundTripParseTest.cs(266,0): at EmperorPenguin.Tests.ASTRoundTripParseTest.ParseRoundTrip_CodeBlockWithMultipleIfs()
[xUnit.net 00:04:28.15]            at System.RuntimeMethodHandle.InvokeMethod(ObjectHandleOnStack target, Void** arguments, ObjectHandleOnStack sig, BOOL isConstructor, ObjectHandleOnStack result)
[xUnit.net 00:04:28.15]            at System.RuntimeMethodHandle.InvokeMethod(ObjectHandleOnStack target, Void** arguments, ObjectHandleOnStack sig, BOOL isConstructor, ObjectHandleOnStack result)
[xUnit.net 00:04:28.15]            at System.Reflection.MethodBaseInvoker.InterpretedInvoke_Method(Object obj, IntPtr* args)
[xUnit.net 00:04:28.15]            at System.Reflection.RuntimeMethodInfo.Invoke(Object obj, BindingFlags invokeAttr, Binder binder, Object[] parameters, CultureInfo culture)
[xUnit.net 00:04:28.15]       Assert.Equal() Failure: Strings differ
[xUnit.net 00:04:28.15]                                          ↓ (pos 24)
[xUnit.net 00:04:28.15]       Expected: "while (x) { if (1) { 2 } }"
[xUnit.net 00:04:28.15]       Actual:   "while (x) { if (1) { 2 }; }"
[xUnit.net 00:04:28.15]                                          ↑ (pos 24)
[xUnit.net 00:04:28.15]       Stack Trace:
[xUnit.net 00:04:28.15]         /home/cauly/Workspace/penguinlang/EmperorPenguin.Tests/BatchCompiler.cs(52,0): at EmperorPenguin.Tests.BatchResults.Assert(String name)
[xUnit.net 00:04:28.15]         /home/cauly/Workspace/penguinlang/EmperorPenguin.Tests/ASTRoundTripParseTest.cs(276,0): at EmperorPenguin.Tests.ASTRoundTripParseTest.ParseRoundTrip_NestedWhileIf()
[xUnit.net 00:04:28.15]            at System.RuntimeMethodHandle.InvokeMethod(ObjectHandleOnStack target, Void** arguments, ObjectHandleOnStack sig, BOOL isConstructor, ObjectHandleOnStack result)
[xUnit.net 00:04:28.15]            at System.RuntimeMethodHandle.InvokeMethod(ObjectHandleOnStack target, Void** arguments, ObjectHandleOnStack sig, BOOL isConstructor, ObjectHandleOnStack result)
[xUnit.net 00:04:28.15]            at System.Reflection.MethodBaseInvoker.InterpretedInvoke_Method(Object obj, IntPtr* args)
[xUnit.net 00:04:28.15]            at System.Reflection.RuntimeMethodInfo.Invoke(Object obj, BindingFlags invokeAttr, Binder binder, Object[] parameters, CultureInfo culture)
@@BindFunctionTest@@func_name=my_func
@@BindFunctionTest@@func_full=&lt;global&gt;.my_func
@@BindFunctionTest@@func_sym=my_func
@@BindClassBasicTest@@def_name=MyClass
@@BindClassBasicTest@@is_class
@@BindEnumBasicTest@@enum_name=Color
@@BindEnumBasicTest@@member_count=3
@@BindEnumBasicTest@@first_member=Red
@@BindMultipleDefinitionsTest@@def_count=2
@@BindExternFunctionTest@@name=external_func
@@BindExternFunctionTest@@extern=true
@@BindExternFunctionTest@@static=true
@@BindClassWithFieldAndMethodTest@@field_count=1
@@BindClassWithFieldAndMethodTest@@method_count=1
@@BindPureFunctionTest@@pure=true
@@BindTypeRefTest@@type_ref_name=MyInt
@@BindClassScopeLookupTest@@type_found=MyClass
@@BindEnumScopeLookupTest@@type_found=Color
@@BindInterfaceScopeLookupTest@@type_found=IPrintable
@@BindNamespaceWithClassTest@@ns_name=MyApp
@@BindNamespaceWithClassTest@@child_class=Widget
@@BindNamespaceScopeMergeTest@@both_merged
@@BindInitialRoutineTest@@init_full=&lt;global&gt;.&lt;initial&gt;
@@BindInitialRoutineTest@@has_scope
@@BindInitialRoutineTest@@has_symbol
@@BindClassBoundTypeTest@@type_kind=class
@@BindClassBoundTypeTest@@has_type_sym
@@BindEnumBoundTypeTest@@type_kind=enum
@@BindEnumBoundTypeTest@@member_val=0
@@TestIsExpressionCompiles@@defs=2
[xUnit.net 00:14:38.33]   Finished:    EmperorPenguin.Tests
</StdOut>
    </Output>
    <RunInfos>
      <RunInfo computerName="cachyos" outcome="Error" timestamp="2026-06-08T03:44:35.6548240+08:00">
        <Text>[xUnit.net 00:04:11.19]     EmperorPenguin.Tests.BoundTreeExpressionTest.IfStatementTest [FAIL]</Text>
      </RunInfo>
      <RunInfo computerName="cachyos" outcome="Error" timestamp="2026-06-08T03:44:35.6804127+08:00">
        <Text>[xUnit.net 00:04:11.21]     EmperorPenguin.Tests.BoundTreeExpressionTest.IfElseStatementTest [FAIL]</Text>
      </RunInfo>
      <RunInfo computerName="cachyos" outcome="Error" timestamp="2026-06-08T03:44:42.3717663+08:00">
        <Text>[xUnit.net 00:04:17.91]     EmperorPenguin.Tests.ASTRoundTripParseTest.ParseRoundTrip_NestedIfInCodeBlock [FAIL]</Text>
      </RunInfo>
      <RunInfo computerName="cachyos" outcome="Error" timestamp="2026-06-08T03:44:42.3804056+08:00">
        <Text>[xUnit.net 00:04:17.91]     EmperorPenguin.Tests.ASTRoundTripParseTest.ParseRoundTrip_CodeBlockWithIfAndWhile [FAIL]</Text>
      </RunInfo>
      <RunInfo computerName="cachyos" outcome="Error" timestamp="2026-06-08T03:44:49.0933312+08:00">
        <Text>[xUnit.net 00:04:24.64]     EmperorPenguin.Tests.ASTRoundTripParseTest.ParseRoundTrip_IfElseNestedCodeBlocks [FAIL]</Text>
      </RunInfo>
      <RunInfo computerName="cachyos" outcome="Error" timestamp="2026-06-08T03:44:52.6041014+08:00">
        <Text>[xUnit.net 00:04:28.15]     EmperorPenguin.Tests.ASTRoundTripParseTest.ParseRoundTrip_CodeBlockWithIfAndTrailingExpr [FAIL]</Text>
      </RunInfo>
      <RunInfo computerName="cachyos" outcome="Error" timestamp="2026-06-08T03:44:52.6042071+08:00">
        <Text>[xUnit.net 00:04:28.15]     EmperorPenguin.Tests.ASTRoundTripParseTest.ParseRoundTrip_CodeBlockWithMultipleIfs [FAIL]</Text>
      </RunInfo>
      <RunInfo computerName="cachyos" outcome="Error" timestamp="2026-06-08T03:44:52.6077974+08:00">
        <Text>[xUnit.net 00:04:28.15]     EmperorPenguin.Tests.ASTRoundTripParseTest.ParseRoundTrip_NestedWhileIf [FAIL]</Text>
      </RunInfo>
    </RunInfos>
  </ResultSummary>
</TestRun>